[0mGET / [32m200[0m 52.304 ms - 4101[0m
[0mGET /js/home_post_comments.js [32m200[0m 4.620 ms - 3712[0m
[0mGET /js/home_post.js [32m200[0m 3.400 ms - 4833[0m
[0mGET /js/toggle_like.js [32m200[0m 2.912 ms - 2462[0m
[0mGET /js/chat_engine.js [32m200[0m 3.601 ms - 1869[0m
[0mGET / [32m200[0m 34.763 ms - 4101[0m
[0mGET /css/layout.css [32m200[0m 10.322 ms - 22[0m
[0mGET /css/footer.css [32m200[0m 11.134 ms - 181[0m
[0mGET /js/home_post_comments.js [32m200[0m 12.076 ms - 3712[0m
[0mGET /css/header.css [32m200[0m 14.304 ms - 314[0m
[0mGET /css/home.css [32m200[0m 13.588 ms - 214[0m
[0mGET /js/home_post.js [32m200[0m 12.587 ms - 4833[0m
[0mGET /css/chatengine.css [32m200[0m 19.326 ms - 1163[0m
[0mGET /js/chat_engine.js [32m200[0m 8.023 ms - 1869[0m
[0mGET /js/toggle_like.js [32m200[0m 13.676 ms - 2462[0m
[0mGET /users/signin [32m200[0m 6.734 ms - 2155[0m
[0mGET /css/layout.css [32m200[0m 5.051 ms - 22[0m
[0mGET /css/footer.css [32m200[0m 4.789 ms - 181[0m
[0mGET /css/header.css [32m200[0m 4.742 ms - 314[0m
[0mGET /users/auth/google [36m302[0m 5.090 ms - 0[0m
[0mGET /users/auth/google/callback?code=4%2F0AbUR2VP3ps_wzDhWwxzGv9wJQDC6SwLNDKyBy5BHPm6PTKSRo9Y_n2OvZwOJg9128lqqFA&scope=email+profile+https%3A%2F%2Fwww.googleapis.com%2Fauth%2Fuserinfo.profile+https%3A%2F%2Fwww.googleapis.com%2Fauth%2Fuserinfo.email+openid&authuser=0&prompt=consent [36m302[0m 1056.830 ms - 46[0m
[0mGET / [32m200[0m 34.760 ms - 9262[0m
[0mGET /css/layout.css [32m200[0m 18.606 ms - 22[0m
[0mGET /js/home_post_comments.js [32m200[0m 17.794 ms - 3712[0m
[0mGET /css/footer.css [32m200[0m 15.755 ms - 181[0m
[0mGET /css/home.css [32m200[0m 11.939 ms - 214[0m
[0mGET /css/header.css [32m200[0m 16.475 ms - 314[0m
[0mGET /css/chatengine.css [32m200[0m 13.393 ms - 1163[0m
[0mGET /js/home_post.js [32m200[0m 8.045 ms - 4833[0m
[0mGET /js/toggle_like.js [32m200[0m 4.223 ms - 2462[0m
[0mGET /js/chat_engine.js [32m200[0m 4.178 ms - 1869[0m
[0mGET / [32m200[0m 64.859 ms - 8897[0m
[0mGET /js/home_post_comments.js [32m200[0m 9.297 ms - 3712[0m
[0mGET /js/chat_engine.js [32m200[0m 5.869 ms - 1869[0m
[0mGET /js/toggle_like.js [32m200[0m 8.574 ms - 2462[0m
[0mGET /js/home_post.js [32m200[0m 10.520 ms - 4833[0m
[0mGET / [32m200[0m 32.483 ms - 8897[0m
[0mGET /css/layout.css [32m200[0m 15.649 ms - 22[0m
[0mGET /js/home_post_comments.js [32m200[0m 14.850 ms - 3712[0m
[0mGET /css/footer.css [32m200[0m 13.888 ms - 181[0m
[0mGET /css/home.css [32m200[0m 15.387 ms - 214[0m
[0mGET /css/header.css [32m200[0m 16.627 ms - 314[0m
[0mGET /css/chatengine.css [32m200[0m 12.574 ms - 1163[0m
[0mGET /js/toggle_like.js [32m200[0m 9.352 ms - 2462[0m
[0mGET /js/home_post.js [32m200[0m 13.139 ms - 4833[0m
[0mGET /js/chat_engine.js [32m200[0m 13.751 ms - 1869[0m
[0mGET / [32m200[0m 63.226 ms - 8897[0m
[0mGET /js/home_post_comments.js [32m200[0m 9.923 ms - 3712[0m
[0mGET /js/chat_engine.js [32m200[0m 6.014 ms - 1869[0m
[0mGET /js/home_post.js [32m200[0m 9.963 ms - 4833[0m
[0mGET /js/toggle_like.js [32m200[0m 9.125 ms - 2462[0m
[0mGET / [32m200[0m 60.576 ms - 8897[0m
[0mGET /js/home_post_comments.js [32m200[0m 7.638 ms - 3712[0m
[0mGET /js/chat_engine.js [32m200[0m 6.218 ms - 1869[0m
[0mGET /js/toggle_like.js [32m200[0m 9.197 ms - 2462[0m
[0mGET /js/home_post.js [32m200[0m 11.189 ms - 4833[0m
[0mGET / [32m200[0m 47.278 ms - 4101[0m
[0mGET /css/layout.css [33m404[0m 4.245 ms - 153[0m
[0mGET /css/header.css [33m404[0m 2.755 ms - 153[0m
[0mGET /css/footer.css [33m404[0m 3.956 ms - 153[0m
[0mGET /css/home.css [33m404[0m 4.729 ms - 151[0m
[0mGET /css/chatengine.css [33m404[0m 3.746 ms - 157[0m
[0mGET /css/layout.css [33m404[0m 1.809 ms - 153[0m
[0mGET /js/home_post.js [33m404[0m 5.271 ms - 154[0m
[0mGET /js/home_post_comments.js [33m404[0m 6.731 ms - 163[0m
[0mGET /css/footer.css [33m404[0m 2.511 ms - 153[0m
[0mGET /css/header.css [33m404[0m 2.230 ms - 153[0m
[0mGET /css/home.css [33m404[0m 2.062 ms - 151[0m
[0mGET /js/toggle_like.js [33m404[0m 1.331 ms - 156[0m
[0mGET /js/chat_engine.js [33m404[0m 2.393 ms - 156[0m
[0mGET / [32m200[0m 32.388 ms - 4101[0m
[0mGET /css/layout.css [33m404[0m 9.103 ms - 153[0m
[0mGET /js/home_post_comments.js [33m404[0m 8.526 ms - 163[0m
[0mGET /css/footer.css [33m404[0m 8.336 ms - 153[0m
[0mGET /css/header.css [33m404[0m 7.428 ms - 153[0m
[0mGET /css/home.css [33m404[0m 7.403 ms - 151[0m
[0mGET /css/chatengine.css [33m404[0m 7.663 ms - 157[0m
[0mGET /js/home_post.js [33m404[0m 5.005 ms - 154[0m
[0mGET /js/chat_engine.js [33m404[0m 1.917 ms - 156[0m
[0mGET /js/toggle_like.js [33m404[0m 3.147 ms - 156[0m
[0mGET / [32m200[0m 25.479 ms - 4101[0m
[0mGET /css/layout.css [33m404[0m 7.598 ms - 153[0m
[0mGET /css/home.css [33m404[0m 8.532 ms - 151[0m
[0mGET /css/header.css [33m404[0m 8.843 ms - 153[0m
[0mGET /css/footer.css [33m404[0m 9.734 ms - 153[0m
[0mGET /js/home_post_comments.js [33m404[0m 8.117 ms - 163[0m
[0mGET /css/chatengine.css [33m404[0m 9.553 ms - 157[0m
[0mGET /js/home_post.js [33m404[0m 7.297 ms - 154[0m
[0mGET /js/toggle_like.js [33m404[0m 4.578 ms - 156[0m
[0mGET /js/chat_engine.js [33m404[0m 4.510 ms - 156[0m
[0mGET / [32m200[0m 25.860 ms - 4101[0m
[0mGET /css/layout.css [33m404[0m 6.725 ms - 153[0m
[0mGET /css/header.css [33m404[0m 6.713 ms - 153[0m
[0mGET /css/footer.css [33m404[0m 7.336 ms - 153[0m
[0mGET /css/home.css [33m404[0m 7.513 ms - 151[0m
[0mGET /js/home_post_comments.js [33m404[0m 6.447 ms - 163[0m
[0mGET /css/chatengine.css [33m404[0m 7.566 ms - 157[0m
[0mGET /js/home_post.js [33m404[0m 6.148 ms - 154[0m
[0mGET /js/toggle_like.js [33m404[0m 3.848 ms - 156[0m
[0mGET /js/chat_engine.js [33m404[0m 3.463 ms - 156[0m
[0mGET /users/signin [32m200[0m 7.010 ms - 2155[0m
[0mGET /css/layout.css [33m404[0m 3.499 ms - 153[0m
[0mGET /css/footer.css [33m404[0m 4.669 ms - 153[0m
[0mGET /css/header.css [33m404[0m 4.318 ms - 153[0m
[0mGET /users/auth/google [36m302[0m 4.362 ms - 0[0m
[0mGET /users/auth/google/callback?code=4%2F0AbUR2VOwHqHsW_RJaqMKKn0TMRzLmW3HgLPx35vBI5iO8tka4fzgLwL8d5uzH87uqRo1rw&scope=email+profile+https%3A%2F%2Fwww.googleapis.com%2Fauth%2Fuserinfo.profile+https%3A%2F%2Fwww.googleapis.com%2Fauth%2Fuserinfo.email+openid&authuser=0&prompt=consent [36m302[0m 844.382 ms - 46[0m
[0mGET / [32m200[0m 26.831 ms - 9262[0m
[0mGET /css/layout.css [33m404[0m 15.189 ms - 153[0m
[0mGET /js/home_post_comments.js [33m404[0m 14.228 ms - 163[0m
[0mGET /css/footer.css [33m404[0m 14.099 ms - 153[0m
[0mGET /css/header.css [33m404[0m 14.443 ms - 153[0m
[0mGET /css/home.css [33m404[0m 14.061 ms - 151[0m
[0mGET /css/chatengine.css [33m404[0m 18.437 ms - 157[0m
[0mGET /js/home_post.js [33m404[0m 5.798 ms - 154[0m
[0mGET /js/chat_engine.js [33m404[0m 4.777 ms - 156[0m
[0mGET /js/toggle_like.js [33m404[0m 6.016 ms - 156[0m
[0mGET / [31m500[0m 50.331 ms - 1763[0m
[0mGET / [31m500[0m 32.153 ms - 1763[0m
[0mGET / [31m500[0m 32.997 ms - 2107[0m
[0mGET / [31m500[0m 29.367 ms - 2107[0m
[0mGET / [31m500[0m 33.660 ms - 2107[0m
[0mGET / [31m500[0m 66.782 ms - 2107[0m
[0mGET / [31m500[0m 38.218 ms - 2673[0m
[0mGET / [32m200[0m 31.779 ms - 8894[0m
[0mGET /css/layout.css [33m404[0m 13.363 ms - 153[0m
[0mGET /js/home_post_comments.js [33m404[0m 13.410 ms - 163[0m
[0mGET /css/home.css [33m404[0m 13.537 ms - 151[0m
[0mGET /css/chatengine.css [33m404[0m 15.938 ms - 157[0m
[0mGET /css/footer.css [33m404[0m 23.617 ms - 153[0m
[0mGET /css/header.css [33m404[0m 26.412 ms - 153[0m
[0mGET /js/home_post.js [33m404[0m 10.615 ms - 154[0m
[0mGET /js/toggle_like.js [33m404[0m 7.070 ms - 156[0m
[0mGET /js/chat_engine.js [33m404[0m 8.511 ms - 156[0m
[0mGET / [32m200[0m 33.246 ms - 8894[0m
[0mGET /css/layout.css [33m404[0m 16.941 ms - 153[0m
[0mGET /css/footer.css [33m404[0m 14.177 ms - 153[0m
[0mGET /css/header.css [33m404[0m 14.758 ms - 153[0m
[0mGET /js/home_post_comments.js [33m404[0m 14.008 ms - 163[0m
[0mGET /css/home.css [33m404[0m 15.990 ms - 151[0m
[0mGET /js/home_post.js [33m404[0m 7.466 ms - 154[0m
[0mGET /js/chat_engine.js [33m404[0m 6.988 ms - 156[0m
[0mGET /css/chatengine.css [33m404[0m 24.333 ms - 157[0m
[0mGET /js/toggle_like.js [33m404[0m 8.180 ms - 156[0m
[0mGET / [32m200[0m 22.637 ms - 8894[0m
[0mGET /css/layout.css [33m404[0m 14.447 ms - 153[0m
[0mGET /css/footer.css [33m404[0m 13.457 ms - 153[0m
[0mGET /css/header.css [33m404[0m 12.651 ms - 153[0m
[0mGET /css/home.css [33m404[0m 8.615 ms - 151[0m
[0mGET /js/home_post_comments.js [33m404[0m 11.886 ms - 163[0m
[0mGET /css/chatengine.css [33m404[0m 12.830 ms - 157[0m
[0mGET /js/home_post.js [33m404[0m 5.271 ms - 154[0m
[0mGET /js/toggle_like.js [33m404[0m 5.079 ms - 156[0m
[0mGET /js/chat_engine.js [33m404[0m 5.802 ms - 156[0m
[0mGET /css/layout.css [33m404[0m 10.184 ms - 153[0m
[0mGET /css/footer.css [33m404[0m 9.952 ms - 153[0m
[0mGET /css/header.css [33m404[0m 9.679 ms - 153[0m
[0mGET /css/home.css [33m404[0m 9.814 ms - 151[0m
[0mGET /css/chatengine.css [33m404[0m 9.962 ms - 157[0m
[0mGET / [32m200[0m 23.461 ms - 8894[0m
[0mGET /css/layout.css [33m404[0m 12.821 ms - 153[0m
[0mGET /css/footer.css [33m404[0m 13.786 ms - 153[0m
[0mGET /js/home_post_comments.js [33m404[0m 13.545 ms - 163[0m
[0mGET /css/header.css [33m404[0m 13.287 ms - 153[0m
[0mGET /css/home.css [33m404[0m 13.744 ms - 151[0m
[0mGET /css/chatengine.css [33m404[0m 19.788 ms - 157[0m
[0mGET /js/home_post.js [33m404[0m 6.225 ms - 154[0m
[0mGET /js/toggle_like.js [33m404[0m 6.045 ms - 156[0m
[0mGET /js/chat_engine.js [33m404[0m 7.893 ms - 156[0m
[0mGET /css/footer.css [33m404[0m 4.567 ms - 153[0m
[0mGET /css/layout.css [33m404[0m 5.376 ms - 153[0m
[0mGET /css/header.css [33m404[0m 5.106 ms - 153[0m
[0mGET /css/home.css [33m404[0m 5.239 ms - 151[0m
[0mGET /css/chatengine.css [33m404[0m 5.426 ms - 157[0m
[0mGET / [32m200[0m 23.316 ms - 8894[0m
[0mGET /css/layout.css [33m404[0m 17.718 ms - 153[0m
[0mGET /js/home_post_comments.js [33m404[0m 16.801 ms - 163[0m
[0mGET /css/footer.css [33m404[0m 16.637 ms - 153[0m
[0mGET /css/header.css [33m404[0m 16.125 ms - 153[0m
[0mGET /css/home.css [33m404[0m 15.792 ms - 151[0m
[0mGET /css/chatengine.css [33m404[0m 17.803 ms - 157[0m
[0mGET /js/toggle_like.js [33m404[0m 3.154 ms - 156[0m
[0mGET /js/home_post.js [33m404[0m 3.369 ms - 154[0m
[0mGET /js/chat_engine.js [33m404[0m 3.926 ms - 156[0m
[0mGET /css/footer.css [33m404[0m 5.632 ms - 153[0m
[0mGET /css/layout.css [33m404[0m 6.099 ms - 153[0m
[0mGET /css/header.css [33m404[0m 6.172 ms - 153[0m
[0mGET /css/home.css [33m404[0m 6.030 ms - 151[0m
[0mGET / [32m200[0m 16.698 ms - 8894[0m
[0mGET /css/layout.css [33m404[0m 17.409 ms - 153[0m
[0mGET /js/home_post_comments.js [33m404[0m 12.968 ms - 163[0m
[0mGET /css/footer.css [33m404[0m 17.951 ms - 153[0m
[0mGET /css/header.css [33m404[0m 13.951 ms - 153[0m
[0mGET /css/home.css [33m404[0m 13.829 ms - 151[0m
[0mGET /css/chatengine.css [33m404[0m 13.666 ms - 157[0m
[0mGET /js/home_post.js [33m404[0m 4.366 ms - 154[0m
[0mGET /js/toggle_like.js [33m404[0m 4.322 ms - 156[0m
[0mGET /js/chat_engine.js [33m404[0m 4.397 ms - 156[0m
[0mGET / [32m200[0m 24.265 ms - 8894[0m
[0mGET /css/layout.css [33m404[0m 13.623 ms - 153[0m
[0mGET /js/home_post_comments.js [33m404[0m 11.253 ms - 163[0m
[0mGET /css/footer.css [33m404[0m 10.998 ms - 153[0m
[0mGET /css/header.css [33m404[0m 10.929 ms - 153[0m
[0mGET /css/home.css [33m404[0m 10.280 ms - 151[0m
[0mGET /css/chatengine.css [33m404[0m 11.840 ms - 157[0m
[0mGET /js/home_post.js [33m404[0m 3.283 ms - 154[0m
[0mGET /js/chat_engine.js [33m404[0m 3.533 ms - 156[0m
[0mGET /js/toggle_like.js [33m404[0m 3.083 ms - 156[0m
[0mGET / [32m200[0m 56.776 ms - 8894[0m
[0mGET /css/header.css [33m404[0m 14.437 ms - 153[0m
[0mGET /css/home.css [33m404[0m 14.076 ms - 151[0m
[0mGET /css/layout.css [33m404[0m 12.238 ms - 153[0m
[0mGET /css/chatengine.css [33m404[0m 16.268 ms - 157[0m
[0mGET /css/footer.css [33m404[0m 26.532 ms - 153[0m
[0mGET /js/home_post_comments.js [33m404[0m 23.683 ms - 163[0m
[0mGET /js/home_post.js [33m404[0m 7.273 ms - 154[0m
[0mGET /js/toggle_like.js [33m404[0m 6.154 ms - 156[0m
[0mGET /js/chat_engine.js [33m404[0m 6.190 ms - 156[0m
[0mGET /js/chat_engine.js [33m404[0m 5.665 ms - 156[0m
[0mGET / [32m200[0m 61.963 ms - 8894[0m
[0mGET /js/home_post_comments.js [33m404[0m 15.634 ms - 163[0m
[0mGET /css/chatengine.css [33m404[0m 17.601 ms - 157[0m
[0mGET /css/layout.css [33m404[0m 13.278 ms - 153[0m
[0mGET /css/home.css [33m404[0m 16.394 ms - 151[0m
[0mGET /css/footer.css [33m404[0m 25.177 ms - 153[0m
[0mGET /css/header.css [33m404[0m 23.104 ms - 153[0m
[0mGET /js/home_post.js [33m404[0m 8.137 ms - 154[0m
[0mGET /js/toggle_like.js [33m404[0m 6.402 ms - 156[0m
[0mGET /js/chat_engine.js [33m404[0m 6.955 ms - 156[0m
[0mGET / [32m200[0m 29.376 ms - 8930[0m
[0mGET /css/layout-278c01edbf.css [32m200[0m 15.193 ms - 22[0m
[0mGET /css/footer-49cf7675f0.css [32m200[0m 20.350 ms - 181[0m
[0mGET /css/home.css [33m404[0m 22.389 ms - 151[0m
[0mGET /css/header-763298ca51.css [32m200[0m 26.321 ms - 314[0m
[0mGET /css/chatengine.css [33m404[0m 24.061 ms - 157[0m
[0mGET /js/home_post.js [33m404[0m 12.231 ms - 154[0m
[0mGET /js/home_post_comments.js [33m404[0m 27.919 ms - 163[0m
[0mGET /js/toggle_like.js [33m404[0m 9.730 ms - 156[0m
[0mGET /js/chat_engine.js [33m404[0m 3.451 ms - 156[0m
[0mGET / [32m200[0m 30.063 ms - 8930[0m
[0mGET /css/home.css [33m404[0m 11.332 ms - 151[0m
[0mGET /css/layout-278c01edbf.css [32m200[0m 20.232 ms - 22[0m
[0mGET /css/footer-49cf7675f0.css [32m200[0m 19.975 ms - 181[0m
[0mGET /js/home_post_comments.js [33m404[0m 17.878 ms - 163[0m
[0mGET /css/chatengine.css [33m404[0m 14.508 ms - 157[0m
[0mGET /css/header-763298ca51.css [32m200[0m 17.743 ms - 314[0m
[0mGET /js/home_post.js [33m404[0m 6.237 ms - 154[0m
[0mGET /js/toggle_like.js [33m404[0m 6.921 ms - 156[0m
[0mGET /js/chat_engine.js [33m404[0m 6.732 ms - 156[0m
[0mGET / [32m200[0m 24.787 ms - 8997[0m
[0mGET /css/layout-278c01edbf.css [32m200[0m 16.979 ms - 22[0m
[0mGET /css/footer-49cf7675f0.css [32m200[0m 16.075 ms - 181[0m
[0mGET /css/header-763298ca51.css [32m200[0m 17.618 ms - 314[0m
[0mGET /css/home-4ec17c955a.css [32m200[0m 15.311 ms - 214[0m
[0mGET /js/home_post_comments-6550390f72.js [32m200[0m 19.724 ms - 2006[0m
[0mGET /css/chatengine-d3c91f253a.css [32m200[0m 20.069 ms - 1163[0m
[0mGET /js/home_post-103c180e67.js [32m200[0m 11.534 ms - 2703[0m
[0mGET /js/toggle_like-4f11d5f5a2.js [32m200[0m 8.977 ms - 441[0m
[0mGET /js/chat_engine-93b8985e34.js [32m200[0m 6.914 ms - 1052[0m
[0mGET / [32m200[0m 32.896 ms - 8997[0m
[0mGET /css/layout-278c01edbf.css [32m200[0m 14.938 ms - 22[0m
[0mGET /css/footer-49cf7675f0.css [32m200[0m 13.677 ms - 181[0m
[0mGET /css/header-763298ca51.css [32m200[0m 13.073 ms - 314[0m
[0mGET /js/home_post_comments-6550390f72.js [32m200[0m 12.470 ms - 2006[0m
[0mGET /css/home-4ec17c955a.css [32m200[0m 20.258 ms - 214[0m
[0mGET /css/chatengine-d3c91f253a.css [32m200[0m 20.330 ms - 1163[0m
[0mGET /js/chat_engine-93b8985e34.js [32m200[0m 6.139 ms - 1052[0m
[0mGET /js/toggle_like-4f11d5f5a2.js [32m200[0m 6.368 ms - 441[0m
[0mGET /js/home_post-103c180e67.js [32m200[0m 7.010 ms - 2703[0m
::1 - - [22/Jun/2023:19:28:06 +0000] "GET / HTTP/1.1" 200 8997 "-" "Mozilla/5.0 (Macintosh; Intel Mac OS X 10_15_7) AppleWebKit/537.36 (KHTML, like Gecko) Chrome/114.0.0.0 Safari/537.36"
::1 - - [22/Jun/2023:19:28:06 +0000] "GET /css/layout-278c01edbf.css HTTP/1.1" 200 22 "http://localhost:8000/" "Mozilla/5.0 (Macintosh; Intel Mac OS X 10_15_7) AppleWebKit/537.36 (KHTML, like Gecko) Chrome/114.0.0.0 Safari/537.36"
::1 - - [22/Jun/2023:19:28:06 +0000] "GET /css/footer-49cf7675f0.css HTTP/1.1" 200 181 "http://localhost:8000/" "Mozilla/5.0 (Macintosh; Intel Mac OS X 10_15_7) AppleWebKit/537.36 (KHTML, like Gecko) Chrome/114.0.0.0 Safari/537.36"
::1 - - [22/Jun/2023:19:28:06 +0000] "GET /css/header-763298ca51.css HTTP/1.1" 200 314 "http://localhost:8000/" "Mozilla/5.0 (Macintosh; Intel Mac OS X 10_15_7) AppleWebKit/537.36 (KHTML, like Gecko) Chrome/114.0.0.0 Safari/537.36"
::1 - - [22/Jun/2023:19:28:06 +0000] "GET /css/home-4ec17c955a.css HTTP/1.1" 200 214 "http://localhost:8000/" "Mozilla/5.0 (Macintosh; Intel Mac OS X 10_15_7) AppleWebKit/537.36 (KHTML, like Gecko) Chrome/114.0.0.0 Safari/537.36"
::1 - - [22/Jun/2023:19:28:06 +0000] "GET /css/chatengine-d3c91f253a.css HTTP/1.1" 200 1163 "http://localhost:8000/" "Mozilla/5.0 (Macintosh; Intel Mac OS X 10_15_7) AppleWebKit/537.36 (KHTML, like Gecko) Chrome/114.0.0.0 Safari/537.36"
::1 - - [22/Jun/2023:19:28:06 +0000] "GET /js/home_post_comments-6550390f72.js HTTP/1.1" 200 2006 "http://localhost:8000/" "Mozilla/5.0 (Macintosh; Intel Mac OS X 10_15_7) AppleWebKit/537.36 (KHTML, like Gecko) Chrome/114.0.0.0 Safari/537.36"
::1 - - [22/Jun/2023:19:28:06 +0000] "GET /js/home_post-103c180e67.js HTTP/1.1" 200 2703 "http://localhost:8000/" "Mozilla/5.0 (Macintosh; Intel Mac OS X 10_15_7) AppleWebKit/537.36 (KHTML, like Gecko) Chrome/114.0.0.0 Safari/537.36"
::1 - - [22/Jun/2023:19:28:06 +0000] "GET /js/toggle_like-4f11d5f5a2.js HTTP/1.1" 200 441 "http://localhost:8000/" "Mozilla/5.0 (Macintosh; Intel Mac OS X 10_15_7) AppleWebKit/537.36 (KHTML, like Gecko) Chrome/114.0.0.0 Safari/537.36"
::1 - - [22/Jun/2023:19:28:06 +0000] "GET /js/chat_engine-93b8985e34.js HTTP/1.1" 200 1052 "http://localhost:8000/" "Mozilla/5.0 (Macintosh; Intel Mac OS X 10_15_7) AppleWebKit/537.36 (KHTML, like Gecko) Chrome/114.0.0.0 Safari/537.36"
::1 - - [22/Jun/2023:19:28:08 +0000] "GET / HTTP/1.1" 200 8997 "-" "Mozilla/5.0 (Macintosh; Intel Mac OS X 10_15_7) AppleWebKit/537.36 (KHTML, like Gecko) Chrome/114.0.0.0 Safari/537.36"
::1 - - [22/Jun/2023:19:28:08 +0000] "GET /css/layout-278c01edbf.css HTTP/1.1" 200 22 "http://localhost:8000/" "Mozilla/5.0 (Macintosh; Intel Mac OS X 10_15_7) AppleWebKit/537.36 (KHTML, like Gecko) Chrome/114.0.0.0 Safari/537.36"
::1 - - [22/Jun/2023:19:28:08 +0000] "GET /css/footer-49cf7675f0.css HTTP/1.1" 200 181 "http://localhost:8000/" "Mozilla/5.0 (Macintosh; Intel Mac OS X 10_15_7) AppleWebKit/537.36 (KHTML, like Gecko) Chrome/114.0.0.0 Safari/537.36"
::1 - - [22/Jun/2023:19:28:08 +0000] "GET /css/chatengine-d3c91f253a.css HTTP/1.1" 200 1163 "http://localhost:8000/" "Mozilla/5.0 (Macintosh; Intel Mac OS X 10_15_7) AppleWebKit/537.36 (KHTML, like Gecko) Chrome/114.0.0.0 Safari/537.36"
::1 - - [22/Jun/2023:19:28:08 +0000] "GET /css/header-763298ca51.css HTTP/1.1" 200 314 "http://localhost:8000/" "Mozilla/5.0 (Macintosh; Intel Mac OS X 10_15_7) AppleWebKit/537.36 (KHTML, like Gecko) Chrome/114.0.0.0 Safari/537.36"
::1 - - [22/Jun/2023:19:28:08 +0000] "GET /css/home-4ec17c955a.css HTTP/1.1" 200 214 "http://localhost:8000/" "Mozilla/5.0 (Macintosh; Intel Mac OS X 10_15_7) AppleWebKit/537.36 (KHTML, like Gecko) Chrome/114.0.0.0 Safari/537.36"
::1 - - [22/Jun/2023:19:28:08 +0000] "GET /js/home_post_comments-6550390f72.js HTTP/1.1" 200 2006 "http://localhost:8000/" "Mozilla/5.0 (Macintosh; Intel Mac OS X 10_15_7) AppleWebKit/537.36 (KHTML, like Gecko) Chrome/114.0.0.0 Safari/537.36"
::1 - - [22/Jun/2023:19:28:08 +0000] "GET /js/toggle_like-4f11d5f5a2.js HTTP/1.1" 200 441 "http://localhost:8000/" "Mozilla/5.0 (Macintosh; Intel Mac OS X 10_15_7) AppleWebKit/537.36 (KHTML, like Gecko) Chrome/114.0.0.0 Safari/537.36"
::1 - - [22/Jun/2023:19:28:08 +0000] "GET /js/chat_engine-93b8985e34.js HTTP/1.1" 200 1052 "http://localhost:8000/" "Mozilla/5.0 (Macintosh; Intel Mac OS X 10_15_7) AppleWebKit/537.36 (KHTML, like Gecko) Chrome/114.0.0.0 Safari/537.36"
::1 - - [22/Jun/2023:19:28:08 +0000] "GET /js/home_post-103c180e67.js HTTP/1.1" 200 2703 "http://localhost:8000/" "Mozilla/5.0 (Macintosh; Intel Mac OS X 10_15_7) AppleWebKit/537.36 (KHTML, like Gecko) Chrome/114.0.0.0 Safari/537.36"
[0mGET /css/layout.css [33m404[0m 7.741 ms - 153[0m
[0mGET /css/header.css [33m404[0m 7.303 ms - 153[0m
[0mGET /css/footer.css [33m404[0m 6.906 ms - 153[0m
[0mGET / [32m200[0m 48.501 ms - 4093[0m
[0mGET /css/home.css [33m404[0m 5.746 ms - 151[0m
[0mGET /js/home_post_comments.js [33m404[0m 1.341 ms - 163[0m
[0mGET /css/chatengine.css [33m404[0m 8.925 ms - 157[0m
[0mGET /js/toggle_like.js [33m404[0m 1.357 ms - 156[0m
[0mGET /js/home_post.js [33m404[0m 2.383 ms - 154[0m
[0mGET /js/chat_engine.js [33m404[0m 1.792 ms - 156[0m
[0mGET /css/footer.css [33m404[0m 5.219 ms - 153[0m
[0mGET /css/layout.css [33m404[0m 5.213 ms - 153[0m
[0mGET /css/header.css [33m404[0m 3.732 ms - 153[0m
[0mGET /css/home.css [33m404[0m 4.429 ms - 151[0m
[0mGET /css/chatengine.css [33m404[0m 1.123 ms - 157[0m
[0mGET / [32m200[0m 22.313 ms - 4093[0m
[0mGET /css/layout.css [33m404[0m 7.798 ms - 153[0m
[0mGET /js/home_post_comments.js [33m404[0m 8.966 ms - 163[0m
[0mGET /css/footer.css [33m404[0m 10.211 ms - 153[0m
[0mGET /css/home.css [33m404[0m 10.720 ms - 151[0m
[0mGET /css/header.css [33m404[0m 11.939 ms - 153[0m
[0mGET /css/chatengine.css [33m404[0m 9.623 ms - 157[0m
[0mGET /js/home_post.js [33m404[0m 6.712 ms - 154[0m
[0mGET /js/chat_engine.js [33m404[0m 2.488 ms - 156[0m
[0mGET /js/toggle_like.js [33m404[0m 4.806 ms - 156[0m
[0mGET / [32m200[0m 23.642 ms - 4093[0m
[0mGET /css/layout.css [33m404[0m 5.041 ms - 153[0m
[0mGET /css/footer.css [33m404[0m 5.958 ms - 153[0m
[0mGET /css/header.css [33m404[0m 5.681 ms - 153[0m
[0mGET /js/home_post_comments.js [33m404[0m 7.424 ms - 163[0m
[0mGET /css/home.css [33m404[0m 5.489 ms - 151[0m
[0mGET /css/chatengine.css [33m404[0m 6.567 ms - 157[0m
[0mGET /js/home_post.js [33m404[0m 6.111 ms - 154[0m
[0mGET /js/toggle_like.js [33m404[0m 3.470 ms - 156[0m
[0mGET /js/chat_engine.js [33m404[0m 2.962 ms - 156[0m
[0mGET / [32m200[0m 21.841 ms - 4093[0m
[0mGET /css/footer.css [33m404[0m 8.462 ms - 153[0m
[0mGET /css/layout.css [33m404[0m 8.368 ms - 153[0m
[0mGET /css/home.css [33m404[0m 7.575 ms - 151[0m
[0mGET /js/home_post_comments.js [33m404[0m 7.827 ms - 163[0m
[0mGET /css/header.css [33m404[0m 8.125 ms - 153[0m
[0mGET /css/chatengine.css [33m404[0m 7.620 ms - 157[0m
[0mGET /js/toggle_like.js [33m404[0m 3.328 ms - 156[0m
[0mGET /js/home_post.js [33m404[0m 5.427 ms - 154[0m
[0mGET /js/chat_engine.js [33m404[0m 4.483 ms - 156[0m
[0mGET / [32m200[0m 18.780 ms - 4093[0m
[0mGET /css/layout.css [33m404[0m 6.663 ms - 153[0m
[0mGET /css/footer.css [33m404[0m 7.543 ms - 153[0m
[0mGET /css/header.css [33m404[0m 7.636 ms - 153[0m
[0mGET /css/home.css [33m404[0m 7.823 ms - 151[0m
[0mGET /css/chatengine.css [33m404[0m 8.287 ms - 157[0m
[0mGET /js/home_post_comments.js [33m404[0m 8.331 ms - 163[0m
[0mGET /js/home_post.js [33m404[0m 3.416 ms - 154[0m
[0mGET /js/toggle_like.js [33m404[0m 3.300 ms - 156[0m
[0mGET /js/chat_engine.js [33m404[0m 5.443 ms - 156[0m
[0mGET / [32m200[0m 17.967 ms - 4093[0m
[0mGET / [32m200[0m 13.686 ms - 4093[0m
[0mGET /css/layout.css [33m404[0m 7.210 ms - 153[0m
[0mGET /js/home_post_comments.js [33m404[0m 7.288 ms - 163[0m
[0mGET /css/header.css [33m404[0m 7.097 ms - 153[0m
[0mGET /css/footer.css [33m404[0m 7.245 ms - 153[0m
[0mGET /css/chatengine.css [33m404[0m 6.958 ms - 157[0m
[0mGET /css/home.css [33m404[0m 6.969 ms - 151[0m
[0mGET /js/toggle_like.js [33m404[0m 4.929 ms - 156[0m
[0mGET /js/home_post.js [33m404[0m 9.479 ms - 154[0m
[0mGET /js/chat_engine.js [33m404[0m 5.872 ms - 156[0m
[0mGET / [32m200[0m 86.767 ms - 4093[0m
[0mGET /css/layout.css [33m404[0m 3.898 ms - 153[0m
[0mGET /css/footer.css [33m404[0m 2.672 ms - 153[0m
[0mGET /css/header.css [33m404[0m 2.767 ms - 153[0m
[0mGET /css/home.css [33m404[0m 3.046 ms - 151[0m
[0mGET /css/chatengine.css [33m404[0m 2.071 ms - 157[0m
[0mGET /js/home_post_comments.js [33m404[0m 2.247 ms - 163[0m
[0mGET /js/home_post.js [33m404[0m 2.494 ms - 154[0m
[0mGET /css/layout.css [33m404[0m 2.487 ms - 153[0m
[0mGET /css/footer.css [33m404[0m 2.130 ms - 153[0m
[0mGET /css/header.css [33m404[0m 2.790 ms - 153[0m
[0mGET /js/toggle_like.js [33m404[0m 2.032 ms - 156[0m
[0mGET /css/home.css [33m404[0m 3.491 ms - 151[0m
[0mGET /js/chat_engine.js [33m404[0m 1.127 ms - 156[0m
[0mGET / [32m200[0m 24.619 ms - 4093[0m
[0mGET /css/layout.css [33m404[0m 7.166 ms - 153[0m
[0mGET /css/footer.css [33m404[0m 8.753 ms - 153[0m
[0mGET /css/home.css [33m404[0m 10.394 ms - 151[0m
[0mGET /css/header.css [33m404[0m 9.303 ms - 153[0m
[0mGET /js/home_post_comments.js [33m404[0m 9.970 ms - 163[0m
[0mGET /css/chatengine.css [33m404[0m 10.672 ms - 157[0m
[0mGET /js/toggle_like.js [33m404[0m 3.983 ms - 156[0m
[0mGET /js/home_post.js [33m404[0m 4.972 ms - 154[0m
[0mGET /js/chat_engine.js [33m404[0m 3.554 ms - 156[0m
[0mGET / [32m200[0m 23.720 ms - 4093[0m
[0mGET /css/layout.css [33m404[0m 5.195 ms - 153[0m
[0mGET /css/footer.css [33m404[0m 6.970 ms - 153[0m
[0mGET /js/home_post_comments.js [33m404[0m 7.855 ms - 163[0m
[0mGET /css/header.css [33m404[0m 6.705 ms - 153[0m
[0mGET /js/home_post.js [33m404[0m 7.235 ms - 154[0m
[0mGET /js/toggle_like.js [33m404[0m 3.626 ms - 156[0m
[0mGET /css/home.css [33m404[0m 14.316 ms - 151[0m
[0mGET /css/chatengine.css [33m404[0m 14.335 ms - 157[0m
[0mGET /js/chat_engine.js [33m404[0m 4.710 ms - 156[0m
[0mGET / [32m200[0m 25.306 ms - 4093[0m
[0mGET /css/layout.css [33m404[0m 7.151 ms - 153[0m
[0mGET /css/home.css [33m404[0m 6.076 ms - 151[0m
[0mGET /css/header.css [33m404[0m 6.179 ms - 153[0m
[0mGET /css/footer.css [33m404[0m 7.165 ms - 153[0m
[0mGET /js/home_post_comments.js [33m404[0m 5.832 ms - 163[0m
[0mGET /css/chatengine.css [33m404[0m 6.967 ms - 157[0m
[0mGET /js/home_post.js [33m404[0m 5.157 ms - 154[0m
[0mGET /js/toggle_like.js [33m404[0m 3.474 ms - 156[0m
[0mGET /js/chat_engine.js [33m404[0m 3.954 ms - 156[0m
[0mGET / [32m200[0m 27.103 ms - 4093[0m
[0mGET / [32m200[0m 20.873 ms - 4093[0m
[0mGET /css/layout.css [33m404[0m 7.175 ms - 153[0m
[0mGET /css/header.css [33m404[0m 7.290 ms - 153[0m
[0mGET /css/footer.css [33m404[0m 7.351 ms - 153[0m
[0mGET /css/home.css [33m404[0m 7.347 ms - 151[0m
[0mGET /js/home_post_comments.js [33m404[0m 7.090 ms - 163[0m
[0mGET /css/chatengine.css [33m404[0m 7.877 ms - 157[0m
[0mGET /js/home_post.js [33m404[0m 6.899 ms - 154[0m
[0mGET /js/toggle_like.js [33m404[0m 5.273 ms - 156[0m
[0mGET /js/chat_engine.js [33m404[0m 5.560 ms - 156[0m
[0mGET /users/signin [32m200[0m 5.743 ms - 2152[0m
[0mGET /users/css/layout.css [33m404[0m 5.244 ms - 159[0m
[0mGET /users/css/footer.css [33m404[0m 6.192 ms - 159[0m
[0mGET /users/css/header.css [33m404[0m 6.316 ms - 159[0m
[0mGET / [32m200[0m 23.240 ms - 4093[0m
[0mGET /css/layout.css [33m404[0m 9.342 ms - 153[0m
[0mGET /css/footer.css [33m404[0m 18.633 ms - 153[0m
[0mGET /css/header.css [33m404[0m 17.228 ms - 153[0m
[0mGET /css/home.css [33m404[0m 17.076 ms - 151[0m
[0mGET /css/chatengine.css [33m404[0m 15.266 ms - 157[0m
[0mGET /js/home_post_comments.js [33m404[0m 15.084 ms - 163[0m
[0mGET /js/home_post.js [33m404[0m 6.464 ms - 154[0m
[0mGET /js/toggle_like.js [33m404[0m 2.690 ms - 156[0m
[0mGET /js/chat_engine.js [33m404[0m 2.037 ms - 156[0m
[0mGET / [32m200[0m 56.611 ms - 4093[0m
[0mGET /css/layout.css [33m404[0m 2.786 ms - 153[0m
[0mGET /css/footer.css [33m404[0m 2.681 ms - 153[0m
[0mGET /css/header.css [33m404[0m 2.037 ms - 153[0m
[0mGET /css/home.css [33m404[0m 5.845 ms - 151[0m
[0mGET /css/chatengine.css [33m404[0m 3.210 ms - 157[0m
[0mGET /js/home_post_comments.js [33m404[0m 2.381 ms - 163[0m
[0mGET /js/home_post.js [33m404[0m 2.007 ms - 154[0m
[0mGET /css/layout.css [33m404[0m 1.802 ms - 153[0m
[0mGET /css/footer.css [33m404[0m 2.187 ms - 153[0m
[0mGET /css/header.css [33m404[0m 2.317 ms - 153[0m
[0mGET /css/home.css [33m404[0m 1.434 ms - 151[0m
[0mGET /js/toggle_like.js [33m404[0m 1.277 ms - 156[0m
[0mGET /js/chat_engine.js [33m404[0m 1.100 ms - 156[0m
[0mGET /users/signin [32m200[0m 6.826 ms - 2152[0m
[0mGET /users/css/layout.css [33m404[0m 5.904 ms - 159[0m
[0mGET /users/css/footer.css [33m404[0m 7.293 ms - 159[0m
[0mGET /users/css/header.css [33m404[0m 7.375 ms - 159[0m
[0mPOST /users/create-session [36m302[0m 18.054 ms - 46[0m
[0mGET / [32m200[0m 34.582 ms - 8745[0m
[0mGET /css/layout.css [33m404[0m 14.437 ms - 153[0m
[0mGET /js/home_post_comments.js [33m404[0m 14.560 ms - 163[0m
[0mGET /css/footer.css [33m404[0m 17.372 ms - 153[0m
[0mGET /css/header.css [33m404[0m 14.494 ms - 153[0m
[0mGET /css/home.css [33m404[0m 14.740 ms - 151[0m
[0mGET /css/chatengine.css [33m404[0m 23.513 ms - 157[0m
[0mGET /js/home_post.js [33m404[0m 9.467 ms - 154[0m
[0mGET /js/toggle_like.js [33m404[0m 8.482 ms - 156[0m
[0mGET /js/chat_engine.js [33m404[0m 9.688 ms - 156[0m
[0mGET /users/profile/647c4f6d67766a65be0e92c4 [32m200[0m 11.935 ms - 2030[0m
[0mGET /users/profile/css/layout.css [33m404[0m 8.309 ms - 167[0m
[0mGET /users/profile/css/footer.css [33m404[0m 9.525 ms - 167[0m
[0mGET /users/profile/css/header.css [33m404[0m 7.791 ms - 167[0m
[0mGET /uploads/user/avatars/avatar-1686686048529-280598586 [32m200[0m 6.772 ms - 41149[0m
[0mGET /users/profile/647c4f6d67766a65be0e92c4 [32m200[0m 19.588 ms - 2030[0m
[0mGET /users/profile/css/layout.css [33m404[0m 9.295 ms - 167[0m
[0mGET /users/profile/css/header.css [33m404[0m 6.148 ms - 167[0m
[0mGET /users/profile/css/footer.css [33m404[0m 14.779 ms - 167[0m
[0mGET /uploads/user/avatars/avatar-1686686048529-280598586 [32m200[0m 4.634 ms - 41149[0m
[0mGET /users/profile/647c4f6d67766a65be0e92c4 [32m200[0m 17.398 ms - 2030[0m
[0mGET /users/profile/css/layout.css [33m404[0m 9.513 ms - 167[0m
[0mGET /users/profile/css/footer.css [33m404[0m 9.061 ms - 167[0m
[0mGET /users/profile/css/header.css [33m404[0m 10.407 ms - 167[0m
[0mGET /uploads/user/avatars/avatar-1686686048529-280598586 [32m200[0m 5.470 ms - 41149[0m
[0mGET /users/profile/647c4f6d67766a65be0e92c4 [32m200[0m 13.813 ms - 2030[0m
[0mGET /users/profile/css/layout.css [33m404[0m 8.258 ms - 167[0m
[0mGET /users/profile/css/footer.css [33m404[0m 8.078 ms - 167[0m
[0mGET /users/profile/css/header.css [33m404[0m 9.039 ms - 167[0m
[0mGET /uploads/user/avatars/avatar-1686686048529-280598586 [32m200[0m 3.688 ms - 41149[0m
[0mGET /users/profile/647c4f6d67766a65be0e92c4 [32m200[0m 7.776 ms - 2030[0m
[0mGET /users/profile/css/layout.css [33m404[0m 8.228 ms - 167[0m
[0mGET /users/profile/css/footer.css [33m404[0m 7.545 ms - 167[0m
[0mGET /users/profile/css/header.css [33m404[0m 6.801 ms - 167[0m
[0mGET /users/profile/647c4f6d67766a65be0e92c4 [32m200[0m 9.298 ms - 2030[0m
[0mGET /uploads/user/avatars/avatar-1686686048529-280598586 [32m200[0m 11.459 ms - 41149[0m
[0mGET /users/profile/css/layout.css [33m404[0m 8.440 ms - 167[0m
[0mGET /users/profile/css/footer.css [33m404[0m 7.670 ms - 167[0m
[0mGET /users/profile/css/header.css [33m404[0m 7.780 ms - 167[0m
[0mGET /uploads/user/avatars/avatar-1686686048529-280598586 [32m200[0m 3.878 ms - 41149[0m
[0mGET /users/profile/647c4f6d67766a65be0e92c4 [32m200[0m 21.078 ms - 2030[0m
[0mGET /users/profile/css/layout.css [33m404[0m 9.391 ms - 167[0m
[0mGET /users/profile/css/header.css [33m404[0m 9.496 ms - 167[0m
[0mGET /users/profile/css/footer.css [33m404[0m 15.189 ms - 167[0m
[0mGET /uploads/user/avatars/avatar-1686686048529-280598586 [32m200[0m 4.782 ms - 41149[0m
[0mGET /users/profile/647c4f6d67766a65be0e92c4 [32m200[0m 10.205 ms - 2030[0m
[0mGET /users/profile/css/layout.css [33m404[0m 12.575 ms - 167[0m
[0mGET /users/profile/css/footer.css [33m404[0m 13.515 ms - 167[0m
[0mGET /users/profile/css/header.css [33m404[0m 11.502 ms - 167[0m
[0mGET /uploads/user/avatars/avatar-1686686048529-280598586 [32m200[0m 12.957 ms - 41149[0m
[0mGET /users/profile/647c4f6d67766a65be0e92c4 [32m200[0m 4.476 ms - 2030[0m
[0mGET /users/profile/css/layout.css [33m404[0m 5.304 ms - 167[0m
[0mGET /users/profile/css/footer.css [33m404[0m 5.877 ms - 167[0m
[0mGET /users/profile/css/header.css [33m404[0m 5.469 ms - 167[0m
[0mGET /uploads/user/avatars/avatar-1686686048529-280598586 [32m200[0m 3.369 ms - 41149[0m
[0mGET /users/profile/647c4f6d67766a65be0e92c4 [32m200[0m 8.941 ms - 2030[0m
[0mGET /users/profile/647c4f6d67766a65be0e92c4 [32m200[0m 8.265 ms - 2030[0m
[0mGET /users/profile/css/layout.css [33m404[0m 10.967 ms - 167[0m
[0mGET /users/profile/css/footer.css [33m404[0m 9.842 ms - 167[0m
[0mGET /users/profile/css/header.css [33m404[0m 8.765 ms - 167[0m
[0mGET /uploads/user/avatars/avatar-1686686048529-280598586 [32m200[0m 3.768 ms - 41149[0m
[0mGET / [32m200[0m 37.549 ms - 8380[0m
[0mGET /css/layout.css [33m404[0m 3.746 ms - 153[0m
[0mGET /css/footer.css [33m404[0m 3.284 ms - 153[0m
[0mGET /css/header.css [33m404[0m 2.873 ms - 153[0m
[0mGET /css/home.css [33m404[0m 2.782 ms - 151[0m
[0mGET /js/home_post_comments.js [33m404[0m 3.680 ms - 163[0m
[0mGET /css/chatengine.css [33m404[0m 3.512 ms - 157[0m
[0mGET /js/home_post.js [33m404[0m 3.957 ms - 154[0m
[0mGET /css/layout.css [33m404[0m 3.022 ms - 153[0m
[0mGET /css/footer.css [33m404[0m 3.264 ms - 153[0m
[0mGET /css/header.css [33m404[0m 2.425 ms - 153[0m
[0mGET /css/home.css [33m404[0m 4.472 ms - 151[0m
[0mGET /js/toggle_like.js [33m404[0m 3.606 ms - 156[0m
[0mGET /js/chat_engine.js [33m404[0m 2.401 ms - 156[0m
[0mGET / [32m200[0m 65.006 ms - 8380[0m
[0mGET /css/layout.css [33m404[0m 14.646 ms - 153[0m
[0mGET /css/home.css [33m404[0m 11.798 ms - 151[0m
[0mGET /js/home_post_comments.js [33m404[0m 14.602 ms - 163[0m
[0mGET /css/chatengine.css [33m404[0m 11.915 ms - 157[0m
[0mGET /css/footer.css [33m404[0m 20.000 ms - 153[0m
[0mGET /css/header.css [33m404[0m 21.834 ms - 153[0m
[0mGET /js/home_post.js [33m404[0m 8.192 ms - 154[0m
[0mGET /js/toggle_like.js [33m404[0m 7.047 ms - 156[0m
[0mGET /js/chat_engine.js [33m404[0m 6.693 ms - 156[0m
[0mGET /users/profile/647c4f6d67766a65be0e92c4 [32m200[0m 13.904 ms - 2030[0m
[0mGET /users/profile/css/layout.css [33m404[0m 11.699 ms - 167[0m
[0mGET /users/profile/css/footer.css [33m404[0m 13.528 ms - 167[0m
[0mGET /users/profile/css/header.css [33m404[0m 11.332 ms - 167[0m
[0mGET /uploads/user/avatars/avatar-1686686048529-280598586 [32m200[0m 14.899 ms - 41149[0m
[0mGET / [32m200[0m 55.315 ms - 4093[0m
[0mGET /css/layout.css [33m404[0m 10.935 ms - 153[0m
[0mGET /css/footer.css [33m404[0m 8.389 ms - 153[0m
[0mGET /css/home.css [33m404[0m 7.437 ms - 151[0m
[0mGET /css/chatengine.css [33m404[0m 10.269 ms - 157[0m
[0mGET /css/header.css [33m404[0m 16.805 ms - 153[0m
[0mGET /js/home_post_comments.js [33m404[0m 15.965 ms - 163[0m
[0mGET /js/home_post.js [33m404[0m 8.388 ms - 154[0m
[0mGET /js/toggle_like.js [33m404[0m 7.420 ms - 156[0m
[0mGET /js/chat_engine.js [33m404[0m 4.114 ms - 156[0m
[0mGET /favicon.ico [33m404[0m 2.145 ms - 150[0m
[0mGET / [32m200[0m 29.843 ms - 4093[0m
[0mGET /css/layout.css [33m404[0m 4.728 ms - 153[0m
[0mGET /css/header.css [33m404[0m 9.147 ms - 153[0m
[0mGET /css/footer.css [33m404[0m 9.381 ms - 153[0m
[0mGET /js/home_post_comments.js [33m404[0m 10.705 ms - 163[0m
[0mGET /css/home.css [33m404[0m 9.176 ms - 151[0m
[0mGET /css/chatengine.css [33m404[0m 10.282 ms - 157[0m
[0mGET /js/home_post.js [33m404[0m 9.781 ms - 154[0m
[0mGET /js/chat_engine.js [33m404[0m 3.617 ms - 156[0m
[0mGET /js/toggle_like.js [33m404[0m 4.896 ms - 156[0m
[0mGET /users/signin [32m200[0m 6.547 ms - 2152[0m
[0mGET /users/css/layout.css [33m404[0m 6.167 ms - 159[0m
[0mGET /users/css/footer.css [33m404[0m 6.799 ms - 159[0m
[0mGET /users/css/header.css [33m404[0m 4.870 ms - 159[0m
[0mPOST /users/create-session [36m302[0m 15.768 ms - 46[0m
[0mGET / [32m200[0m 31.687 ms - 8745[0m
[0mGET /css/layout.css [33m404[0m 14.228 ms - 153[0m
[0mGET /css/header.css [33m404[0m 13.396 ms - 153[0m
[0mGET /css/footer.css [33m404[0m 15.273 ms - 153[0m
[0mGET /js/home_post_comments.js [33m404[0m 9.340 ms - 163[0m
[0mGET /css/home.css [33m404[0m 12.781 ms - 151[0m
[0mGET /css/chatengine.css [33m404[0m 12.457 ms - 157[0m
[0mGET /js/home_post.js [33m404[0m 6.797 ms - 154[0m
[0mGET /js/toggle_like.js [33m404[0m 6.043 ms - 156[0m
[0mGET /js/chat_engine.js [33m404[0m 5.005 ms - 156[0m
[0mGET /users/profile/647c4f6d67766a65be0e92c4 [32m200[0m 14.129 ms - 2030[0m
[0mGET /users/profile/css/layout.css [33m404[0m 8.928 ms - 167[0m
[0mGET /users/profile/css/footer.css [33m404[0m 9.230 ms - 167[0m
[0mGET /users/profile/css/header.css [33m404[0m 9.134 ms - 167[0m
[0mGET /uploads/user/avatars/avatar-1686686048529-280598586 [32m200[0m 6.229 ms - 41149[0m
[0mPOST /users/update/647c4f6d67766a65be0e92c4 [36m302[0m 77.072 ms - 164[0m
[0mGET /users/profile/647c4f6d67766a65be0e92c4 [32m200[0m 16.280 ms - 2030[0m
[0mGET /users/profile/css/layout.css [33m404[0m 15.446 ms - 167[0m
[0mGET /users/profile/css/footer.css [33m404[0m 14.829 ms - 167[0m
[0mGET /users/profile/css/header.css [33m404[0m 11.458 ms - 167[0m
[0mGET /uploads/user/avatars/avatar-1686686048529-280598586 [33m404[0m 3.145 ms - 190[0m
[0mGET /users/profile/647c4f6d67766a65be0e92c4 [36m302[0m 4.793 ms - 70[0m
[0mGET /users/signin [32m200[0m 8.401 ms - 2152[0m
[0mGET /users/css/layout.css [33m404[0m 5.838 ms - 159[0m
[0mGET /users/css/footer.css [33m404[0m 7.643 ms - 159[0m
[0mGET /users/css/header.css [33m404[0m 7.944 ms - 159[0m
[0mGET /users/signin [32m200[0m 5.572 ms - 2152[0m
[0mGET /users/css/layout.css [33m404[0m 7.365 ms - 159[0m
[0mGET /users/css/footer.css [33m404[0m 7.188 ms - 159[0m
[0mGET /users/css/header.css [33m404[0m 9.894 ms - 159[0m
[0mPOST /users/create-session [36m302[0m 12.239 ms - 46[0m
[0mGET / [32m200[0m 45.723 ms - 8745[0m
[0mGET /css/layout.css [33m404[0m 15.354 ms - 153[0m
[0mGET /css/footer.css [33m404[0m 16.366 ms - 153[0m
[0mGET /css/header.css [33m404[0m 15.630 ms - 153[0m
[0mGET /css/home.css [33m404[0m 14.368 ms - 151[0m
[0mGET /js/home_post_comments.js [33m404[0m 22.627 ms - 163[0m
[0mGET /js/toggle_like.js [33m404[0m 6.723 ms - 156[0m
[0mGET /js/home_post.js [33m404[0m 7.494 ms - 154[0m
[0mGET /css/chatengine.css [33m404[0m 24.074 ms - 157[0m
[0mGET /js/chat_engine.js [33m404[0m 8.459 ms - 156[0m
[0mGET /users/profile/647c4f6d67766a65be0e92c4 [32m200[0m 10.365 ms - 2030[0m
[0mGET /users/profile/css/layout.css [33m404[0m 8.341 ms - 167[0m
[0mGET /users/profile/css/footer.css [33m404[0m 8.242 ms - 167[0m
[0mGET /users/profile/css/header.css [33m404[0m 8.588 ms - 167[0m
[0mGET /uploads/user/avatars/avatar-1688473568067-821889913 [32m200[0m 6.660 ms - 41149[0m
[0mGET /users/profile/647c4f6d67766a65be0e92c4 [36m302[0m 10.530 ms - 70[0m
[0mGET /users/signin [32m200[0m 16.019 ms - 2152[0m
[0mGET /users/css/layout.css [33m404[0m 8.187 ms - 159[0m
[0mGET /users/css/header.css [33m404[0m 8.080 ms - 159[0m
[0mGET /users/css/footer.css [33m404[0m 8.797 ms - 159[0m
[0mGET /users/signin [32m200[0m 6.265 ms - 2152[0m
[0mGET /users/css/layout.css [33m404[0m 6.367 ms - 159[0m
[0mGET /users/css/header.css [33m404[0m 5.836 ms - 159[0m
[0mGET /users/css/footer.css [33m404[0m 5.616 ms - 159[0m
[0mPOST /users/create-session [36m302[0m 19.722 ms - 46[0m
[0mGET / [32m200[0m 38.726 ms - 8745[0m
[0mGET /css/layout.css [33m404[0m 17.874 ms - 153[0m
[0mGET /css/footer.css [33m404[0m 15.231 ms - 153[0m
[0mGET /css/header.css [33m404[0m 12.982 ms - 153[0m
[0mGET /css/home.css [33m404[0m 12.554 ms - 151[0m
[0mGET /js/home_post.js [33m404[0m 6.963 ms - 154[0m
[0mGET /js/home_post_comments.js [33m404[0m 19.843 ms - 163[0m
[0mGET /css/chatengine.css [33m404[0m 20.513 ms - 157[0m
[0mGET /js/toggle_like.js [33m404[0m 6.914 ms - 156[0m
[0mGET /js/chat_engine.js [33m404[0m 6.839 ms - 156[0m
[0mGET /users/profile/647c4f6d67766a65be0e92c4 [32m200[0m 10.267 ms - 2030[0m
[0mGET /users/profile/css/layout.css [33m404[0m 7.840 ms - 167[0m
[0mGET /users/profile/css/footer.css [33m404[0m 11.841 ms - 167[0m
[0mGET /users/profile/css/header.css [33m404[0m 10.769 ms - 167[0m
[0mGET /uploads/user/avatars/avatar-1688473568067-821889913 [32m200[0m 8.550 ms - 41149[0m
[0mGET /users/profile/css/layout.css [33m404[0m 10.060 ms - 167[0m
[0mGET /users/profile/css/footer.css [33m404[0m 9.640 ms - 167[0m
[0mGET /users/profile/css/header.css [33m404[0m 9.614 ms - 167[0m
[0mPOST /users/update/647c4f6d67766a65be0e92c4 [36m302[0m 26.117 ms - 164[0m
[0mGET /users/profile/647c4f6d67766a65be0e92c4 [32m200[0m 9.038 ms - 2030[0m
[0mGET /users/profile/css/layout.css [33m404[0m 8.803 ms - 167[0m
[0mGET /users/profile/css/footer.css [33m404[0m 7.059 ms - 167[0m
[0mGET /users/profile/css/header.css [33m404[0m 6.619 ms - 167[0m
[0mGET /uploads/user/avatars/avatar-1688476075295-919774964 [32m200[0m 4.628 ms - 41149[0m
[0mGET /users/profile/css/layout.css [33m404[0m 3.430 ms - 167[0m
[0mGET /users/profile/css/footer.css [33m404[0m 3.252 ms - 167[0m
[0mGET /users/profile/css/header.css [33m404[0m 4.535 ms - 167[0m
[0mPOST /users/update/647c4f6d67766a65be0e92c4 [36m302[0m 43.493 ms - 164[0m
[0mGET /users/profile/647c4f6d67766a65be0e92c4 [32m200[0m 13.718 ms - 2030[0m
[0mGET /users/profile/css/layout.css [33m404[0m 12.437 ms - 167[0m
[0mGET /users/profile/css/header.css [33m404[0m 9.376 ms - 167[0m
[0mGET /users/profile/css/footer.css [33m404[0m 21.386 ms - 167[0m
[0mGET /uploads/user/avatars/avatar-1688476109461-137751435 [32m200[0m 7.737 ms - 41149[0m
[0mGET /users/profile/css/layout.css [33m404[0m 3.068 ms - 167[0m
[0mGET /users/profile/css/header.css [33m404[0m 2.659 ms - 167[0m
[0mGET /users/profile/647c4f6d67766a65be0e92c4 [32m200[0m 14.473 ms - 2030[0m
[0mGET /users/profile/css/layout.css [33m404[0m 12.148 ms - 167[0m
[0mGET /users/profile/css/footer.css [33m404[0m 12.511 ms - 167[0m
[0mGET /users/profile/css/header.css [33m404[0m 10.684 ms - 167[0m
[0mGET /uploads/user/avatars/avatar-1688476109461-137751435 [32m200[0m 6.556 ms - 41149[0m
[0mPOST /users/update/647c4f6d67766a65be0e92c4 [36m302[0m 12.335 ms - 164[0m
[0mGET /users/profile/647c4f6d67766a65be0e92c4 [32m200[0m 9.582 ms - 2030[0m
[0mGET /users/profile/css/layout.css [33m404[0m 10.507 ms - 167[0m
[0mGET /users/profile/css/footer.css [33m404[0m 10.079 ms - 167[0m
[0mGET /users/profile/css/header.css [33m404[0m 11.233 ms - 167[0m
[0mGET /uploads/user/avatars/avatar-1688476124411-707854060 [32m200[0m 8.590 ms - 41149[0m
[0mGET /users/profile/647c4f6d67766a65be0e92c4 [32m200[0m 44.031 ms - 2030[0m
[0mGET /users/profile/css/layout.css [33m404[0m 12.478 ms - 167[0m
[0mGET /users/profile/css/header.css [33m404[0m 11.683 ms - 167[0m
[0mGET /users/profile/css/footer.css [33m404[0m 18.745 ms - 167[0m
[0mGET /uploads/user/avatars/avatar-1688476124411-707854060 [32m200[0m 8.643 ms - 41149[0m
[0mPOST /users/update/647c4f6d67766a65be0e92c4 [36m302[0m 27.396 ms - 164[0m
[0mGET /users/profile/647c4f6d67766a65be0e92c4 [32m200[0m 9.025 ms - 2030[0m
[0mGET /users/profile/css/layout.css [33m404[0m 9.304 ms - 167[0m
[0mGET /users/profile/css/footer.css [33m404[0m 11.925 ms - 167[0m
[0mGET /users/profile/css/header.css [33m404[0m 10.658 ms - 167[0m
[0mGET /uploads/user/avatars/avatar-1688476218156-855444416 [32m200[0m 4.279 ms - 41149[0m
[0mGET /users/profile/647c4f6d67766a65be0e92c4 [32m200[0m 13.531 ms - 2030[0m
[0mGET /users/profile/css/layout.css [33m404[0m 13.782 ms - 167[0m
[0mGET /users/profile/css/header.css [33m404[0m 13.570 ms - 167[0m
[0mGET /users/profile/css/footer.css [33m404[0m 34.059 ms - 167[0m
[0mGET /uploads/user/avatars/avatar-1688476218156-855444416 [32m200[0m 11.121 ms - 41149[0m
[0mPOST /users/update/647c4f6d67766a65be0e92c4 [36m302[0m 26.731 ms - 164[0m
[0mGET /users/profile/647c4f6d67766a65be0e92c4 [32m200[0m 9.335 ms - 2030[0m
[0mGET /users/profile/css/layout.css [33m404[0m 10.226 ms - 167[0m
[0mGET /users/profile/css/footer.css [33m404[0m 9.979 ms - 167[0m
[0mGET /users/profile/css/header.css [33m404[0m 8.481 ms - 167[0m
[0mGET /uploads/user/avatars/avatar-1688476241473-398295929 [32m200[0m 4.996 ms - 41149[0m
[0mGET /users/profile/647c4f6d67766a65be0e92c4 [32m200[0m 23.328 ms - 2030[0m
[0mGET /users/profile/css/layout.css [33m404[0m 9.877 ms - 167[0m
[0mGET /users/profile/css/footer.css [33m404[0m 9.856 ms - 167[0m
[0mGET /users/profile/css/header.css [33m404[0m 9.696 ms - 167[0m
[0mGET /uploads/user/avatars/avatar-1688476241473-398295929 [32m200[0m 6.132 ms - 41149[0m
[0mGET /users/profile/647c4f6d67766a65be0e92c4 [36m302[0m 16.716 ms - 70[0m
[0mGET /users/signin [32m200[0m 20.440 ms - 2152[0m
[0mGET /users/css/layout.css [33m404[0m 12.806 ms - 159[0m
[0mGET /users/css/footer.css [33m404[0m 14.431 ms - 159[0m
[0mGET /users/css/header.css [33m404[0m 12.919 ms - 159[0m
[0mGET /users/signin [32m200[0m 7.382 ms - 2152[0m
[0mGET /users/css/layout.css [33m404[0m 7.527 ms - 159[0m
[0mGET /users/css/footer.css [33m404[0m 6.746 ms - 159[0m
[0mGET /users/css/header.css [33m404[0m 13.270 ms - 159[0m
[0mPOST /users/create-session [36m302[0m 20.246 ms - 46[0m
[0mGET / [32m200[0m 42.028 ms - 8745[0m
[0mGET /css/layout.css [33m404[0m 24.860 ms - 153[0m
[0mGET /css/header.css [33m404[0m 21.771 ms - 153[0m
[0mGET /css/footer.css [33m404[0m 28.429 ms - 153[0m
[0mGET /css/home.css [33m404[0m 19.976 ms - 151[0m
[0mGET /js/home_post_comments.js [33m404[0m 15.065 ms - 163[0m
[0mGET /js/home_post.js [33m404[0m 10.641 ms - 154[0m
[0mGET /css/chatengine.css [33m404[0m 35.230 ms - 157[0m
[0mGET /js/toggle_like.js [33m404[0m 17.197 ms - 156[0m
[0mGET /js/chat_engine.js [33m404[0m 13.646 ms - 156[0m
[0mGET /users/profile/647c4f6d67766a65be0e92c4 [32m200[0m 11.726 ms - 2030[0m
[0mGET /users/profile/css/header.css [33m404[0m 10.831 ms - 167[0m
[0mGET /users/profile/css/layout.css [33m404[0m 9.455 ms - 167[0m
[0mGET /users/profile/css/footer.css [33m404[0m 10.132 ms - 167[0m
[0mGET /uploads/user/avatars/avatar-1688476241473-398295929 [32m200[0m 7.587 ms - 41149[0m
[0mPOST /users/update/647c4f6d67766a65be0e92c4 [36m302[0m 19.373 ms - 164[0m
[0mGET /users/profile/647c4f6d67766a65be0e92c4 [32m200[0m 7.407 ms - 2030[0m
[0mGET /users/profile/css/layout.css [33m404[0m 7.928 ms - 167[0m
[0mGET /users/profile/css/footer.css [33m404[0m 8.009 ms - 167[0m
[0mGET /users/profile/css/header.css [33m404[0m 5.157 ms - 167[0m
[0mGET /uploads/user/avatars/avatar-1688476395284-981980622 [32m200[0m 4.869 ms - 41149[0m
[0mGET /users/profile/647c4f6d67766a65be0e92c4 [32m200[0m 24.125 ms - 2030[0m
[0mGET /users/profile/css/layout.css [33m404[0m 7.459 ms - 167[0m
[0mGET /users/profile/css/footer.css [33m404[0m 9.185 ms - 167[0m
[0mGET /users/profile/css/header.css [33m404[0m 8.474 ms - 167[0m
[0mGET /uploads/user/avatars/avatar-1688476395284-981980622 [32m200[0m 6.029 ms - 41149[0m
[0mGET /css/layout.css [33m404[0m 7.227 ms - 153[0m
[0mGET / [32m200[0m 80.049 ms - 4093[0m
[0mGET /css/chatengine.css [33m404[0m 6.066 ms - 157[0m
[0mGET /css/home.css [33m404[0m 12.612 ms - 151[0m
[0mGET /css/footer.css [33m404[0m 11.025 ms - 153[0m
[0mGET /css/header.css [33m404[0m 13.704 ms - 153[0m
[0mGET /js/home_post_comments.js [33m404[0m 5.827 ms - 163[0m
[0mGET /js/toggle_like.js [33m404[0m 5.678 ms - 156[0m
[0mGET /js/chat_engine.js [33m404[0m 3.367 ms - 156[0m
[0mGET /js/home_post.js [33m404[0m 5.527 ms - 154[0m
[0mGET /css/layout.css [33m404[0m 2.976 ms - 153[0m
[0mGET /css/footer.css [33m404[0m 2.884 ms - 153[0m
[0mGET /css/home.css [33m404[0m 4.245 ms - 151[0m
[0mGET /css/header.css [33m404[0m 3.550 ms - 153[0m
[0mGET /css/chatengine.css [33m404[0m 4.731 ms - 157[0m
[0mGET /favicon.ico [33m404[0m 1.653 ms - 150[0m
[0mGET / [32m200[0m 79.182 ms - 4093[0m
[0mGET /css/layout.css [33m404[0m 13.470 ms - 153[0m
[0mGET /css/footer.css [33m404[0m 19.103 ms - 153[0m
[0mGET /css/header.css [33m404[0m 18.733 ms - 153[0m
[0mGET /css/home.css [33m404[0m 5.280 ms - 151[0m
[0mGET /css/chatengine.css [33m404[0m 3.117 ms - 157[0m
[0mGET /js/home_post_comments.js [33m404[0m 2.445 ms - 163[0m
[0mGET /js/home_post.js [33m404[0m 2.531 ms - 154[0m
[0mGET /js/toggle_like.js [33m404[0m 3.229 ms - 156[0m
[0mGET /js/chat_engine.js [33m404[0m 1.886 ms - 156[0m
[0mGET /css/layout.css [33m404[0m 2.392 ms - 153[0m
[0mGET /css/footer.css [33m404[0m 2.065 ms - 153[0m
[0mGET /css/header.css [33m404[0m 2.051 ms - 153[0m
[0mGET /css/home.css [33m404[0m 2.424 ms - 151[0m
[0mGET /css/chatengine.css [33m404[0m 1.646 ms - 157[0m
[0mGET /favicon.ico [33m404[0m 4.885 ms - 150[0m
[0mGET / [32m200[0m 59.746 ms - 4093[0m
[0mGET /css/layout.css [33m404[0m 4.897 ms - 153[0m
[0mGET /css/header.css [33m404[0m 6.886 ms - 153[0m
[0mGET /css/home.css [33m404[0m 6.323 ms - 151[0m
[0mGET /js/home_post_comments.js [33m404[0m 7.491 ms - 163[0m
[0mGET /css/chatengine.css [33m404[0m 5.941 ms - 157[0m
[0mGET /css/footer.css [33m404[0m 16.655 ms - 153[0m
[0mGET /js/home_post.js [33m404[0m 7.708 ms - 154[0m
[0mGET /js/toggle_like.js [33m404[0m 4.593 ms - 156[0m
[0mGET /js/chat_engine.js [33m404[0m 3.344 ms - 156[0m
[0mGET / [32m200[0m 29.780 ms - 4093[0m
[0mGET /css/layout.css [33m404[0m 7.279 ms - 153[0m
[0mGET /css/footer.css [33m404[0m 10.201 ms - 153[0m
[0mGET /css/header.css [33m404[0m 10.358 ms - 153[0m
[0mGET /css/chatengine.css [33m404[0m 11.283 ms - 157[0m
[0mGET /css/home.css [33m404[0m 10.964 ms - 151[0m
[0mGET /js/home_post_comments.js [33m404[0m 10.520 ms - 163[0m
[0mGET /js/home_post.js [33m404[0m 9.631 ms - 154[0m
[0mGET /js/toggle_like.js [33m404[0m 7.352 ms - 156[0m
[0mGET /js/chat_engine.js [33m404[0m 4.744 ms - 156[0m
[0mGET / [32m200[0m 34.670 ms - 4093[0m
[0mGET / [32m200[0m 50.844 ms - 4093[0m
[0mGET /css/footer.css [33m404[0m 7.418 ms - 153[0m
[0mGET /css/chatengine.css [33m404[0m 9.014 ms - 157[0m
[0mGET /css/header.css [33m404[0m 11.833 ms - 153[0m
[0mGET /js/home_post_comments.js [33m404[0m 11.545 ms - 163[0m
[0mGET /css/layout.css [33m404[0m 21.710 ms - 153[0m
[0mGET /css/home.css [33m404[0m 19.994 ms - 151[0m
[0mGET /js/home_post.js [33m404[0m 17.963 ms - 154[0m
[0mGET /js/chat_engine.js [33m404[0m 29.828 ms - 156[0m
[0mGET /js/toggle_like.js [33m404[0m 38.414 ms - 156[0m
[0mGET / [32m200[0m 58.165 ms - 4093[0m
[0mGET /css/layout.css [33m404[0m 8.088 ms - 153[0m
[0mGET /css/home.css [33m404[0m 8.861 ms - 151[0m
[0mGET /js/home_post_comments.js [33m404[0m 8.277 ms - 163[0m
[0mGET /css/header.css [33m404[0m 16.663 ms - 153[0m
[0mGET /css/footer.css [33m404[0m 19.008 ms - 153[0m
[0mGET /js/home_post.js [33m404[0m 7.834 ms - 154[0m
[0mGET /js/chat_engine.js [33m404[0m 3.062 ms - 156[0m
[0mGET /js/toggle_like.js [33m404[0m 4.728 ms - 156[0m
[0mGET /css/chatengine.css [33m404[0m 19.673 ms - 157[0m
[0mGET / [32m200[0m 33.599 ms - 4093[0m
[0mGET /css/layout.css [33m404[0m 7.512 ms - 153[0m
[0mGET /css/footer.css [33m404[0m 9.245 ms - 153[0m
[0mGET /css/header.css [33m404[0m 9.932 ms - 153[0m
[0mGET /js/home_post_comments.js [33m404[0m 8.423 ms - 163[0m
[0mGET /css/home.css [33m404[0m 10.451 ms - 151[0m
[0mGET /css/chatengine.css [33m404[0m 10.707 ms - 157[0m
[0mGET /js/home_post.js [33m404[0m 7.221 ms - 154[0m
[0mGET /js/toggle_like.js [33m404[0m 6.768 ms - 156[0m
[0mGET /js/chat_engine.js [33m404[0m 4.864 ms - 156[0m
[0mGET / [32m200[0m 27.429 ms - 4093[0m
[0mGET / [32m200[0m 29.110 ms - 4093[0m
[0mGET /css/layout.css [33m404[0m 8.805 ms - 153[0m
[0mGET /css/footer.css [33m404[0m 9.287 ms - 153[0m
[0mGET /css/header.css [33m404[0m 9.327 ms - 153[0m
[0mGET /css/chatengine.css [33m404[0m 9.738 ms - 157[0m
[0mGET /css/home.css [33m404[0m 10.705 ms - 151[0m
[0mGET /js/home_post_comments.js [33m404[0m 9.367 ms - 163[0m
[0mGET /js/home_post.js [33m404[0m 7.299 ms - 154[0m
[0mGET /js/chat_engine.js [33m404[0m 2.263 ms - 156[0m
[0mGET /js/toggle_like.js [33m404[0m 5.281 ms - 156[0m
[0mGET / [32m200[0m 61.950 ms - 4093[0m
[0mGET /js/home_post_comments.js [32m200[0m 7.280 ms - 3712[0m
[0mGET /js/chat_engine.js [32m200[0m 3.777 ms - 1869[0m
[0mGET /js/toggle_like.js [32m200[0m 6.403 ms - 2462[0m
[0mGET /js/home_post.js [32m200[0m 8.005 ms - 4833[0m
[0mGET /users/signin [32m200[0m 8.169 ms - 2152[0m
[0mGET /users/css/layout.css [33m404[0m 9.561 ms - 159[0m
[0mGET /users/css/footer.css [33m404[0m 9.427 ms - 159[0m
[0mGET /users/css/header.css [33m404[0m 10.846 ms - 159[0m
[0mGET /users/signin [32m200[0m 6.490 ms - 2152[0m
[0mGET /users/css/layout.css [33m404[0m 5.173 ms - 159[0m
[0mGET /users/css/footer.css [33m404[0m 5.132 ms - 159[0m
[0mGET /users/css/header.css [33m404[0m 5.954 ms - 159[0m
[0mGET / [32m200[0m 26.828 ms - 4093[0m
[0mGET /css/layout.css [32m200[0m 11.036 ms - 22[0m
[0mGET /css/footer.css [32m200[0m 11.335 ms - 181[0m
[0mGET /css/header.css [32m200[0m 10.592 ms - 314[0m
[0mGET /css/home.css [32m200[0m 13.541 ms - 214[0m
[0mGET /js/toggle_like.js [32m200[0m 6.378 ms - 2462[0m
[0mGET /js/home_post.js [32m200[0m 11.042 ms - 4833[0m
[0mGET /js/home_post_comments.js [32m200[0m 12.422 ms - 3712[0m
[0mGET /js/chat_engine.js [32m200[0m 5.418 ms - 1869[0m
[0mGET /css/chatengine.css [32m200[0m 20.778 ms - 1163[0m
[0mGET / [32m200[0m 27.563 ms - 4093[0m
[0mGET /css/layout.css [32m200[0m 7.158 ms - 22[0m
[0mGET /js/home_post_comments.js [32m200[0m 10.623 ms - 3712[0m
[0mGET /css/footer.css [32m200[0m 10.723 ms - 181[0m
[0mGET /css/home.css [32m200[0m 10.595 ms - 214[0m
[0mGET /css/header.css [32m200[0m 10.851 ms - 314[0m
[0mGET /css/chatengine.css [32m200[0m 12.995 ms - 1163[0m
[0mGET /js/home_post.js [32m200[0m 12.317 ms - 4833[0m
[0mGET /js/toggle_like.js [32m200[0m 5.928 ms - 2462[0m
[0mGET /js/chat_engine.js [32m200[0m 7.221 ms - 1869[0m
[0mGET / [32m200[0m 26.296 ms - 4093[0m
[0mGET /css/layout.css [32m200[0m 9.088 ms - 22[0m
[0mGET /css/footer.css [32m200[0m 8.535 ms - 181[0m
[0mGET /js/home_post_comments.js [32m200[0m 7.788 ms - 3712[0m
[0mGET /css/header.css [32m200[0m 7.638 ms - 314[0m
[0mGET /css/home.css [32m200[0m 9.895 ms - 214[0m
[0mGET /css/chatengine.css [32m200[0m 11.603 ms - 1163[0m
[0mGET /js/toggle_like.js [32m200[0m 7.425 ms - 2462[0m
[0mGET /js/home_post.js [32m200[0m 10.125 ms - 4833[0m
[0mGET /js/chat_engine.js [32m200[0m 7.261 ms - 1869[0m
[0mGET / [32m200[0m 25.012 ms - 4093[0m
[0mGET / [32m200[0m 20.354 ms - 4093[0m
[0mGET /css/layout.css [32m200[0m 7.947 ms - 22[0m
[0mGET /js/home_post_comments.js [32m200[0m 7.107 ms - 3712[0m
[0mGET /css/footer.css [32m200[0m 7.703 ms - 181[0m
[0mGET /css/header.css [32m200[0m 9.025 ms - 314[0m
[0mGET /css/home.css [32m200[0m 8.021 ms - 214[0m
[0mGET /css/chatengine.css [32m200[0m 9.476 ms - 1163[0m
[0mGET /js/home_post.js [32m200[0m 9.494 ms - 4833[0m
[0mGET /js/chat_engine.js [32m200[0m 5.722 ms - 1869[0m
[0mGET /js/toggle_like.js [32m200[0m 9.928 ms - 2462[0m
[0mGET / [32m200[0m 15.732 ms - 4093[0m
[0mGET /css/layout.css [32m200[0m 8.562 ms - 22[0m
[0mGET /js/home_post_comments.js [32m200[0m 8.118 ms - 3712[0m
[0mGET /css/footer.css [32m200[0m 8.410 ms - 181[0m
[0mGET /css/header.css [32m200[0m 8.400 ms - 314[0m
[0mGET /css/home.css [32m200[0m 9.910 ms - 214[0m
[0mGET /css/chatengine.css [32m200[0m 11.590 ms - 1163[0m
[0mGET /js/home_post.js [32m200[0m 8.313 ms - 4833[0m
[0mGET /js/toggle_like.js [32m200[0m 6.420 ms - 2462[0m
[0mGET /js/chat_engine.js [32m200[0m 5.944 ms - 1869[0m
[0mGET / [32m200[0m 16.954 ms - 4093[0m
[0mGET /css/layout.css [32m200[0m 7.513 ms - 22[0m
[0mGET /js/home_post_comments.js [32m200[0m 7.891 ms - 3712[0m
[0mGET /css/footer.css [32m200[0m 8.746 ms - 181[0m
[0mGET /css/header.css [32m200[0m 8.672 ms - 314[0m
[0mGET /css/home.css [32m200[0m 10.045 ms - 214[0m
[0mGET /css/chatengine.css [32m200[0m 11.950 ms - 1163[0m
[0mGET /js/home_post.js [32m200[0m 8.121 ms - 4833[0m
[0mGET /js/toggle_like.js [32m200[0m 7.258 ms - 2462[0m
[0mGET /js/chat_engine.js [32m200[0m 7.055 ms - 1869[0m
[0mGET /users/signin [32m200[0m 4.844 ms - 2152[0m
[0mGET /users/css/layout.css [33m404[0m 5.947 ms - 159[0m
[0mGET /users/css/footer.css [33m404[0m 4.645 ms - 159[0m
[0mGET /users/css/header.css [33m404[0m 5.522 ms - 159[0m
[0mGET /users/auth/google [36m302[0m 5.115 ms - 0[0m
[0mGET /users/auth/google/callback?code=4%2F0Adeu5BV2ulb7yOvWn_n_bhxsnxmvSw9mSao5GbU-5MkhGNMkZyIegztjFHTBuaXRsZPpMw&scope=email+profile+https%3A%2F%2Fwww.googleapis.com%2Fauth%2Fuserinfo.profile+https%3A%2F%2Fwww.googleapis.com%2Fauth%2Fuserinfo.email+openid&authuser=0&prompt=consent [36m302[0m 616.755 ms - 46[0m
[0mGET / [32m200[0m 21.990 ms - 9254[0m
[0mGET /css/layout.css [32m200[0m 17.767 ms - 22[0m
[0mGET /css/footer.css [32m200[0m 17.672 ms - 181[0m
[0mGET /js/home_post_comments.js [32m200[0m 16.260 ms - 3712[0m
[0mGET /css/home.css [32m200[0m 12.627 ms - 214[0m
[0mGET /css/chatengine.css [32m200[0m 14.047 ms - 1163[0m
[0mGET /css/header.css [32m200[0m 13.959 ms - 314[0m
[0mGET /js/home_post.js [32m200[0m 7.095 ms - 4833[0m
[0mGET /js/chat_engine.js [32m200[0m 4.794 ms - 1869[0m
[0mGET /js/toggle_like.js [32m200[0m 7.930 ms - 2462[0m
[0mGET /users/profile/647b2316fae73978443749a5 [32m200[0m 12.263 ms - 2063[0m
[0mGET /users/profile/css/layout.css [33m404[0m 7.982 ms - 167[0m
[0mGET /users/profile/css/footer.css [33m404[0m 7.943 ms - 167[0m
[0mGET /users/profile/css/header.css [33m404[0m 11.909 ms - 167[0m
[0mGET /uploads/user/avatars/avatar-1686686123143-869620051 [32m200[0m 18.408 ms - 28758[0m
[0mGET / [32m200[0m 22.818 ms - 8889[0m
[0mGET /css/layout.css [32m200[0m 15.933 ms - 22[0m
[0mGET /css/footer.css [32m200[0m 13.800 ms - 181[0m
[0mGET /js/home_post_comments.js [32m200[0m 14.579 ms - 3712[0m
[0mGET /css/header.css [32m200[0m 16.977 ms - 314[0m
[0mGET /css/home.css [32m200[0m 16.217 ms - 214[0m
[0mGET /css/chatengine.css [32m200[0m 12.266 ms - 1163[0m
[0mGET /js/home_post.js [32m200[0m 9.118 ms - 4833[0m
[0mGET /js/chat_engine.js [32m200[0m 4.969 ms - 1869[0m
[0mGET /js/toggle_like.js [32m200[0m 8.758 ms - 2462[0m
[0mGET /users/profile/647b2316fae73978443749a5 [32m200[0m 9.011 ms - 2063[0m
[0mGET /users/profile/css/footer.css [33m404[0m 10.567 ms - 167[0m
[0mGET /users/profile/css/layout.css [33m404[0m 9.623 ms - 167[0m
[0mGET /users/profile/css/header.css [33m404[0m 10.072 ms - 167[0m
[0mGET /uploads/user/avatars/avatar-1686686123143-869620051 [32m200[0m 8.539 ms - 28758[0m
[0mGET / [32m200[0m 20.069 ms - 8889[0m
[0mGET /css/layout.css [32m200[0m 12.081 ms - 22[0m
[0mGET /css/footer.css [32m200[0m 11.394 ms - 181[0m
[0mGET /js/home_post_comments.js [32m200[0m 11.594 ms - 3712[0m
[0mGET /css/header.css [32m200[0m 12.074 ms - 314[0m
[0mGET /css/chatengine.css [32m200[0m 14.368 ms - 1163[0m
[0mGET /css/home.css [32m200[0m 21.226 ms - 214[0m
[0mGET /js/home_post.js [32m200[0m 9.164 ms - 4833[0m
[0mGET /js/chat_engine.js [32m200[0m 8.206 ms - 1869[0m
[0mGET /js/toggle_like.js [32m200[0m 10.312 ms - 2462[0m
[0mGET / [32m200[0m 70.224 ms - 8889[0m
[0mGET /js/home_post_comments.js [32m200[0m 11.769 ms - 3712[0m
[0mGET /js/home_post.js [32m200[0m 10.173 ms - 4833[0m
[0mGET /js/toggle_like.js [32m200[0m 13.778 ms - 2462[0m
[0mGET /js/chat_engine.js [32m200[0m 13.604 ms - 1869[0m
[0mGET / [32m200[0m 82.246 ms - 8889[0m
[0mGET /css/layout.css [32m200[0m 19.406 ms - 22[0m
[0mGET /js/home_post_comments.js [32m200[0m 19.752 ms - 3712[0m
[0mGET /css/home.css [32m200[0m 15.977 ms - 214[0m
[0mGET /css/chatengine.css [32m200[0m 19.358 ms - 1163[0m
[0mGET /css/footer.css [32m200[0m 22.003 ms - 181[0m
[0mGET /css/header.css [32m200[0m 18.678 ms - 314[0m
[0mGET /js/toggle_like.js [32m200[0m 10.536 ms - 2462[0m
[0mGET /js/chat_engine.js [32m200[0m 10.311 ms - 1869[0m
[0mGET /js/home_post.js [32m200[0m 17.254 ms - 4833[0m
[0mGET / [32m200[0m 29.196 ms - 8889[0m
[0mGET / [32m200[0m 24.191 ms - 8889[0m
[0mGET /css/layout.css [32m200[0m 15.773 ms - 22[0m
[0mGET /js/home_post_comments.js [32m200[0m 14.781 ms - 3712[0m
[0mGET /css/home.css [32m200[0m 12.217 ms - 214[0m
[0mGET /css/footer.css [32m200[0m 12.019 ms - 181[0m
[0mGET /css/chatengine.css [32m200[0m 11.936 ms - 1163[0m
[0mGET /css/header.css [32m200[0m 17.299 ms - 314[0m
[0mGET /js/home_post.js [32m200[0m 8.418 ms - 4833[0m
[0mGET /js/toggle_like.js [32m200[0m 7.495 ms - 2462[0m
[0mGET /js/chat_engine.js [32m200[0m 7.959 ms - 1869[0m
[0mGET /users/profile/647b2316fae73978443749a5 [32m200[0m 11.346 ms - 2063[0m
[0mGET /users/profile/css/layout.css [33m404[0m 9.999 ms - 167[0m
[0mGET /users/profile/css/footer.css [33m404[0m 10.391 ms - 167[0m
[0mGET /users/profile/css/header.css [33m404[0m 13.445 ms - 167[0m
[0mGET /uploads/user/avatars/avatar-1686686123143-869620051 [32m200[0m 7.050 ms - 28758[0m
[0mGET / [32m200[0m 23.025 ms - 8889[0m
[0mGET /css/layout.css [32m200[0m 12.346 ms - 22[0m
[0mGET /css/footer.css [32m200[0m 11.381 ms - 181[0m
[0mGET /js/home_post_comments.js [32m200[0m 13.052 ms - 3712[0m
[0mGET /css/header.css [32m200[0m 16.960 ms - 314[0m
[0mGET /css/home.css [32m200[0m 16.606 ms - 214[0m
[0mGET /css/chatengine.css [32m200[0m 15.588 ms - 1163[0m
[0mGET /js/home_post.js [32m200[0m 10.443 ms - 4833[0m
[0mGET /js/toggle_like.js [32m200[0m 8.155 ms - 2462[0m
[0mGET /js/chat_engine.js [32m200[0m 5.493 ms - 1869[0m
[0mGET / [32m200[0m 28.844 ms - 8889[0m
[0mGET /css/layout.css [32m200[0m 17.113 ms - 22[0m
[0mGET /css/footer.css [32m200[0m 13.919 ms - 181[0m
[0mGET /js/home_post_comments.js [32m200[0m 16.439 ms - 3712[0m
[0mGET /css/header.css [32m200[0m 14.386 ms - 314[0m
[0mGET /css/chatengine.css [32m200[0m 14.417 ms - 1163[0m
[0mGET /css/home.css [32m200[0m 18.310 ms - 214[0m
[0mGET /js/home_post.js [32m200[0m 9.851 ms - 4833[0m
[0mGET /js/chat_engine.js [32m200[0m 4.626 ms - 1869[0m
[0mGET /js/toggle_like.js [32m200[0m 9.846 ms - 2462[0m
[0mGET /posts/destroy/64934feb82ec5ad6242a38d2 [32m200[0m 29.072 ms - 83[0m
[0mGET /users/signout [36m302[0m 11.545 ms - 46[0m
[0mGET / [32m200[0m 19.703 ms - 3710[0m
[0mGET /css/layout.css [32m200[0m 7.019 ms - 22[0m
[0mGET /css/footer.css [32m200[0m 9.464 ms - 181[0m
[0mGET /css/header.css [32m200[0m 9.999 ms - 314[0m
[0mGET /js/home_post_comments.js [32m200[0m 9.695 ms - 3712[0m
[0mGET /css/home.css [32m200[0m 9.271 ms - 214[0m
[0mGET /js/home_post.js [32m200[0m 8.637 ms - 4833[0m
[0mGET /css/chatengine.css [32m200[0m 8.850 ms - 1163[0m
[0mGET /js/toggle_like.js [32m200[0m 5.218 ms - 2462[0m
[0mGET /js/chat_engine.js [32m200[0m 4.691 ms - 1869[0m
[0mGET /users/signin [32m200[0m 6.391 ms - 2152[0m
[0mGET /users/css/layout.css [33m404[0m 4.709 ms - 159[0m
[0mGET /users/css/footer.css [33m404[0m 5.153 ms - 159[0m
[0mGET /users/css/header.css [33m404[0m 6.146 ms - 159[0m
[0mGET /users/auth/google [36m302[0m 4.611 ms - 0[0m
[0mGET /users/auth/google/callback?code=4%2F0Adeu5BWaNAHy0ViCrO8ukJqpaXzR76D3KTWHCXODHKjxGc4OPzWIBywhnqkV3VM-wooDMw&scope=email+profile+https%3A%2F%2Fwww.googleapis.com%2Fauth%2Fuserinfo.profile+https%3A%2F%2Fwww.googleapis.com%2Fauth%2Fuserinfo.email+openid&authuser=0&prompt=consent [36m302[0m 571.340 ms - 46[0m
[0mGET / [32m200[0m 11.060 ms - 6644[0m
[0mGET /css/footer.css [32m200[0m 7.321 ms - 181[0m
[0mGET /css/layout.css [32m200[0m 9.973 ms - 22[0m
[0mGET /css/header.css [32m200[0m 9.730 ms - 314[0m
[0mGET /css/home.css [32m200[0m 4.209 ms - 214[0m
[0mGET /js/home_post_comments.js [32m200[0m 2.914 ms - 3712[0m
[0mGET /css/chatengine.css [32m200[0m 4.081 ms - 1163[0m
[0mGET /js/home_post.js [32m200[0m 3.440 ms - 4833[0m
[0mGET /js/toggle_like.js [32m200[0m 3.635 ms - 2462[0m
[0mGET /js/chat_engine.js [32m200[0m 3.477 ms - 1869[0m
[0mGET /users/profile/647b2316fae73978443749a5 [32m200[0m 12.125 ms - 2063[0m
[0mGET /users/profile/css/layout.css [33m404[0m 30.667 ms - 167[0m
[0mGET /users/profile/css/header.css [33m404[0m 27.787 ms - 167[0m
[0mGET /users/profile/css/footer.css [33m404[0m 32.486 ms - 167[0m
[0mGET /uploads/user/avatars/avatar-1686686123143-869620051 [32m200[0m 19.178 ms - 28758[0m
[0mGET / [32m200[0m 6.779 ms - 6279[0m
[0mGET /css/layout.css [32m200[0m 10.923 ms - 22[0m
[0mGET /css/footer.css [32m200[0m 9.072 ms - 181[0m
[0mGET /css/header.css [32m200[0m 9.492 ms - 314[0m
[0mGET /js/home_post_comments.js [32m200[0m 10.168 ms - 3712[0m
[0mGET /css/home.css [32m200[0m 11.227 ms - 214[0m
[0mGET /css/chatengine.css [32m200[0m 11.093 ms - 1163[0m
[0mGET /js/home_post.js [32m200[0m 6.364 ms - 4833[0m
[0mGET /js/toggle_like.js [32m200[0m 6.741 ms - 2462[0m
[0mGET /js/chat_engine.js [32m200[0m 7.134 ms - 1869[0m
[0mGET /users/profile/647b2316fae73978443749a5 [32m200[0m 8.671 ms - 2063[0m
[0mGET /users/profile/css/layout.css [33m404[0m 15.318 ms - 167[0m
[0mGET /users/profile/css/footer.css [33m404[0m 12.468 ms - 167[0m
[0mGET /users/profile/css/header.css [33m404[0m 12.130 ms - 167[0m
[0mGET /uploads/user/avatars/avatar-1686686123143-869620051 [32m200[0m 14.590 ms - 28758[0m
[0mGET / [32m200[0m 13.291 ms - 6279[0m
[0mGET /css/layout.css [32m200[0m 17.799 ms - 22[0m
[0mGET /css/footer.css [32m200[0m 17.703 ms - 181[0m
[0mGET /css/header.css [32m200[0m 17.523 ms - 314[0m
[0mGET /js/home_post_comments.js [32m200[0m 15.506 ms - 3712[0m
[0mGET /css/home.css [32m200[0m 15.296 ms - 214[0m
[0mGET /css/chatengine.css [32m200[0m 13.156 ms - 1163[0m
[0mGET /js/home_post.js [32m200[0m 6.537 ms - 4833[0m
[0mGET /js/chat_engine.js [32m200[0m 4.509 ms - 1869[0m
[0mGET /js/toggle_like.js [32m200[0m 7.921 ms - 2462[0m
[0mGET /users/profile/647c4f6d67766a65be0e92c4 [32m200[0m 8.339 ms - 1688[0m
[0mGET /users/profile/css/footer.css [33m404[0m 12.706 ms - 167[0m
[0mGET /users/profile/css/header.css [33m404[0m 13.971 ms - 167[0m
[0mGET /users/profile/css/layout.css [33m404[0m 15.460 ms - 167[0m
[0mGET /uploads/user/avatars/avatar-1688476395284-981980622 [32m200[0m 18.185 ms - 41149[0m
[0mGET / [32m200[0m 17.074 ms - 6279[0m
[0mGET /css/layout.css [32m200[0m 11.487 ms - 22[0m
[0mGET /css/footer.css [32m200[0m 17.847 ms - 181[0m
[0mGET /js/home_post_comments.js [32m200[0m 17.522 ms - 3712[0m
[0mGET /css/header.css [32m200[0m 17.084 ms - 314[0m
[0mGET /css/home.css [32m200[0m 17.274 ms - 214[0m
[0mGET /css/chatengine.css [32m200[0m 15.002 ms - 1163[0m
[0mGET /js/home_post.js [32m200[0m 12.711 ms - 4833[0m
[0mGET /js/toggle_like.js [32m200[0m 8.394 ms - 2462[0m
[0mGET /js/chat_engine.js [32m200[0m 5.016 ms - 1869[0m
[0mGET /users/profile/647c4f6d67766a65be0e92c4 [32m200[0m 6.360 ms - 1688[0m
[0mGET /users/profile/css/layout.css [33m404[0m 19.688 ms - 167[0m
[0mGET /users/profile/css/footer.css [33m404[0m 15.924 ms - 167[0m
[0mGET /users/profile/css/header.css [33m404[0m 8.114 ms - 167[0m
[0mGET /uploads/user/avatars/avatar-1688476395284-981980622 [32m200[0m 7.328 ms - 41149[0m
[0mGET / [32m200[0m 14.528 ms - 6279[0m
[0mGET /css/layout.css [32m200[0m 20.152 ms - 22[0m
[0mGET /js/home_post_comments.js [32m200[0m 14.069 ms - 3712[0m
[0mGET /css/header.css [32m200[0m 12.349 ms - 314[0m
[0mGET /css/footer.css [32m200[0m 23.383 ms - 181[0m
[0mGET /css/home.css [32m200[0m 10.970 ms - 214[0m
[0mGET /css/chatengine.css [32m200[0m 11.961 ms - 1163[0m
[0mGET /js/home_post.js [32m200[0m 10.708 ms - 4833[0m
[0mGET /js/toggle_like.js [32m200[0m 8.523 ms - 2462[0m
[0mGET /js/chat_engine.js [32m200[0m 5.251 ms - 1869[0m
[0mGET / [32m200[0m 88.357 ms - 6279[0m
[0mGET /css/layout.css [32m200[0m 14.570 ms - 22[0m
[0mGET /css/footer.css [32m200[0m 16.685 ms - 181[0m
[0mGET /css/chatengine.css [32m200[0m 11.359 ms - 1163[0m
[0mGET /js/home_post_comments.js [32m200[0m 13.152 ms - 3712[0m
[0mGET /css/header.css [32m200[0m 24.108 ms - 314[0m
[0mGET /css/home.css [32m200[0m 22.403 ms - 214[0m
[0mGET /js/toggle_like.js [32m200[0m 8.016 ms - 2462[0m
[0mGET /js/chat_engine.js [32m200[0m 6.085 ms - 1869[0m
[0mGET /js/home_post.js [32m200[0m 15.454 ms - 4833[0m
[0mGET / [32m200[0m 24.530 ms - 6279[0m
[0mGET /css/layout.css [32m200[0m 20.234 ms - 22[0m
[0mGET /js/home_post_comments.js [32m200[0m 18.594 ms - 3712[0m
[0mGET /css/footer.css [32m200[0m 17.586 ms - 181[0m
[0mGET /css/header.css [32m200[0m 19.868 ms - 314[0m
[0mGET /css/home.css [32m200[0m 28.891 ms - 214[0m
[0mGET /css/chatengine.css [32m200[0m 28.957 ms - 1163[0m
[0mGET /js/home_post.js [32m200[0m 10.980 ms - 4833[0m
[0mGET /js/toggle_like.js [32m200[0m 11.021 ms - 2462[0m
[0mGET /js/chat_engine.js [32m200[0m 14.392 ms - 1869[0m
[0mGET /users/profile/647b2316fae73978443749a5 [32m200[0m 11.846 ms - 2063[0m
[0mGET /users/profile/css/layout.css [33m404[0m 11.985 ms - 167[0m
[0mGET /users/profile/css/footer.css [33m404[0m 13.275 ms - 167[0m
[0mGET /users/profile/css/header.css [33m404[0m 13.394 ms - 167[0m
[0mGET /uploads/user/avatars/avatar-1686686123143-869620051 [32m200[0m 7.298 ms - 28758[0m
[0mGET / [32m200[0m 18.420 ms - 6279[0m
[0mGET /css/layout.css [32m200[0m 13.750 ms - 22[0m
[0mGET /css/footer.css [32m200[0m 12.919 ms - 181[0m
[0mGET /css/header.css [32m200[0m 15.471 ms - 314[0m
[0mGET /css/home.css [32m200[0m 16.558 ms - 214[0m
[0mGET /css/chatengine.css [32m200[0m 15.894 ms - 1163[0m
[0mGET /js/home_post_comments.js [32m200[0m 15.396 ms - 3712[0m
[0mGET /js/home_post.js [32m200[0m 10.493 ms - 4833[0m
[0mGET /js/toggle_like.js [32m200[0m 10.281 ms - 2462[0m
[0mGET /js/chat_engine.js [32m200[0m 7.764 ms - 1869[0m
[0mGET / [32m200[0m 22.704 ms - 6279[0m
[0mGET /css/layout.css [32m200[0m 37.818 ms - 22[0m
[0mGET /css/footer.css [32m200[0m 39.517 ms - 181[0m
[0mGET /css/header.css [32m200[0m 22.937 ms - 314[0m
[0mGET /css/home.css [32m200[0m 13.388 ms - 214[0m
[0mGET /css/chatengine.css [32m200[0m 13.115 ms - 1163[0m
[0mGET /js/home_post_comments.js [32m200[0m 13.882 ms - 3712[0m
[0mGET /js/home_post.js [32m200[0m 7.620 ms - 4833[0m
[0mGET /js/toggle_like.js [32m200[0m 6.856 ms - 2462[0m
[0mGET /js/chat_engine.js [32m200[0m 7.751 ms - 1869[0m
[0mGET / [32m200[0m 23.224 ms - 6279[0m
[0mGET /js/home_post_comments.js [32m200[0m 16.923 ms - 3712[0m
[0mGET /css/layout.css [32m200[0m 16.325 ms - 22[0m
[0mGET /css/footer.css [32m200[0m 16.671 ms - 181[0m
[0mGET /css/header.css [32m200[0m 18.194 ms - 314[0m
[0mGET /css/home.css [32m200[0m 18.743 ms - 214[0m
[0mGET /css/chatengine.css [32m200[0m 24.111 ms - 1163[0m
[0mGET /js/home_post.js [32m200[0m 5.724 ms - 4833[0m
[0mGET /js/toggle_like.js [32m200[0m 7.006 ms - 2462[0m
[0mGET /js/chat_engine.js [32m200[0m 9.093 ms - 1869[0m
[0mGET /users/profile/647c4f6d67766a65be0e92c4 [32m200[0m 9.768 ms - 1688[0m
[0mGET /users/profile/css/layout.css [33m404[0m 8.038 ms - 167[0m
[0mGET /users/profile/css/footer.css [33m404[0m 10.680 ms - 167[0m
[0mGET /users/profile/css/header.css [33m404[0m 9.476 ms - 167[0m
[0mGET /uploads/user/avatars/avatar-1688476395284-981980622 [32m200[0m 5.889 ms - 41149[0m
[0mGET / [32m200[0m 20.015 ms - 6279[0m
[0mGET /css/layout.css [32m200[0m 15.436 ms - 22[0m
[0mGET /css/footer.css [32m200[0m 13.353 ms - 181[0m
[0mGET /css/header.css [32m200[0m 17.163 ms - 314[0m
[0mGET /css/home.css [32m200[0m 14.039 ms - 214[0m
[0mGET /css/chatengine.css [32m200[0m 16.034 ms - 1163[0m
[0mGET /js/home_post_comments.js [32m200[0m 16.161 ms - 3712[0m
[0mGET /js/home_post.js [32m200[0m 10.606 ms - 4833[0m
[0mGET /js/toggle_like.js [32m200[0m 10.294 ms - 2462[0m
[0mGET /js/chat_engine.js [32m200[0m 6.243 ms - 1869[0m
[0mGET /users/profile/647b2316fae73978443749a5 [32m200[0m 9.394 ms - 2063[0m
[0mGET /users/profile/css/layout.css [33m404[0m 8.561 ms - 167[0m
[0mGET /users/profile/css/footer.css [33m404[0m 8.118 ms - 167[0m
[0mGET /users/profile/css/header.css [33m404[0m 7.527 ms - 167[0m
[0mGET /uploads/user/avatars/avatar-1686686123143-869620051 [32m200[0m 5.712 ms - 28758[0m
[0mGET / [32m200[0m 21.086 ms - 6279[0m
[0mGET /css/layout.css [32m200[0m 13.033 ms - 22[0m
[0mGET /css/footer.css [32m200[0m 14.687 ms - 181[0m
[0mGET /css/header.css [32m200[0m 14.656 ms - 314[0m
[0mGET /css/home.css [32m200[0m 17.549 ms - 214[0m
[0mGET /css/chatengine.css [32m200[0m 16.481 ms - 1163[0m
[0mGET /js/home_post_comments.js [32m200[0m 15.909 ms - 3712[0m
[0mGET /js/home_post.js [32m200[0m 9.743 ms - 4833[0m
[0mGET /js/chat_engine.js [32m200[0m 7.361 ms - 1869[0m
[0mGET /js/toggle_like.js [32m200[0m 10.591 ms - 2462[0m
[0mGET / [32m200[0m 58.734 ms - 6279[0m
[0mGET /js/home_post_comments.js [32m200[0m 9.516 ms - 3712[0m
[0mGET /js/chat_engine.js [32m200[0m 6.597 ms - 1869[0m
[0mGET /js/toggle_like.js [32m200[0m 10.132 ms - 2462[0m
[0mGET /js/home_post.js [32m200[0m 12.641 ms - 4833[0m
[0mGET / [32m200[0m 45.785 ms - 6279[0m
[0mGET / [32m200[0m 20.727 ms - 6279[0m
[0mGET /css/layout.css [32m200[0m 19.042 ms - 22[0m
[0mGET /js/home_post_comments.js [32m200[0m 16.716 ms - 3712[0m
[0mGET /css/footer.css [32m200[0m 16.702 ms - 181[0m
[0mGET /css/header.css [32m200[0m 19.325 ms - 314[0m
[0mGET /css/chatengine.css [32m200[0m 26.665 ms - 1163[0m
[0mGET /css/home.css [32m200[0m 29.464 ms - 214[0m
[0mGET /js/toggle_like.js [32m200[0m 9.690 ms - 2462[0m
[0mGET /js/chat_engine.js [32m200[0m 11.110 ms - 1869[0m
[0mGET /js/home_post.js [32m200[0m 19.991 ms - 4833[0m
[0mGET /users/signout [36m302[0m 23.099 ms - 46[0m
[0mGET / [32m200[0m 28.448 ms - 3710[0m
[0mGET /css/layout.css [32m200[0m 8.258 ms - 22[0m
[0mGET /css/footer.css [32m200[0m 8.978 ms - 181[0m
[0mGET /css/header.css [32m200[0m 8.822 ms - 314[0m
[0mGET /js/home_post.js [32m200[0m 6.122 ms - 4833[0m
[0mGET /js/home_post_comments.js [32m200[0m 8.920 ms - 3712[0m
[0mGET /css/home.css [32m200[0m 10.643 ms - 214[0m
[0mGET /css/chatengine.css [32m200[0m 9.850 ms - 1163[0m
[0mGET /js/toggle_like.js [32m200[0m 5.746 ms - 2462[0m
[0mGET /js/chat_engine.js [32m200[0m 6.406 ms - 1869[0m
[0mGET /users/signin [32m200[0m 6.484 ms - 2152[0m
[0mGET /users/css/layout.css [33m404[0m 6.276 ms - 159[0m
[0mGET /users/css/footer.css [33m404[0m 8.043 ms - 159[0m
[0mGET /users/css/header.css [33m404[0m 7.138 ms - 159[0m
[0mGET /users/auth/google [36m302[0m 5.606 ms - 0[0m
[0mGET /users/auth/google/callback?code=4%2F0Adeu5BWh0kVCs2nX6iEHUAkfm51iGbYvrUJYMz_eDjpTXi7v-Y6LXIj1yy2r9ELEJuG5pg&scope=email+profile+https%3A%2F%2Fwww.googleapis.com%2Fauth%2Fuserinfo.profile+https%3A%2F%2Fwww.googleapis.com%2Fauth%2Fuserinfo.email+openid&authuser=0&prompt=consent [36m302[0m 579.618 ms - 46[0m
[0mGET / [32m200[0m 7.863 ms - 6644[0m
[0mGET /js/home_post_comments.js [32m200[0m 11.974 ms - 3712[0m
[0mGET /css/home.css [32m200[0m 5.729 ms - 214[0m
[0mGET /css/layout.css [32m200[0m 15.295 ms - 22[0m
[0mGET /css/footer.css [32m200[0m 11.469 ms - 181[0m
[0mGET /css/header.css [32m200[0m 10.566 ms - 314[0m
[0mGET /css/chatengine.css [32m200[0m 10.112 ms - 1163[0m
[0mGET /js/toggle_like.js [32m200[0m 2.911 ms - 2462[0m
[0mGET /js/home_post.js [32m200[0m 4.308 ms - 4833[0m
[0mGET /js/chat_engine.js [32m200[0m 3.744 ms - 1869[0m
